2019-10-22 22:45:54,022 INFO org.apache.hadoop.yarn.server.resourcemanager.ResourceManager: STARTUP_MSG: 
/************************************************************
STARTUP_MSG: Starting ResourceManager
STARTUP_MSG:   host = hdp-01/192.168.245.130
STARTUP_MSG:   args = []
STARTUP_MSG:   version = 2.7.1
STARTUP_MSG:   classpath = /usr/local/hadoop-2.7.1/etc/hadoop:/usr/local/hadoop-2.7.1/etc/hadoop:/usr/local/hadoop-2.7.1/etc/hadoop:/usr/local/hadoop-2.7.1/share/hadoop/common/lib/commons-configuration-1.6.jar:/usr/local/hadoop-2.7.1/share/hadoop/common/lib/curator-client-2.7.1.jar:/usr/local/hadoop-2.7.1/share/hadoop/common/lib/gson-2.2.4.jar:/usr/local/hadoop-2.7.1/share/hadoop/common/lib/activation-1.1.jar:/usr/local/hadoop-2.7.1/share/hadoop/common/lib/jackson-jaxrs-1.9.13.jar:/usr/local/hadoop-2.7.1/share/hadoop/common/lib/jsp-api-2.1.jar:/usr/local/hadoop-2.7.1/share/hadoop/common/lib/jaxb-impl-2.2.3-1.jar:/usr/local/hadoop-2.7.1/share/hadoop/common/lib/apacheds-kerberos-codec-2.0.0-M15.jar:/usr/local/hadoop-2.7.1/share/hadoop/common/lib/commons-io-2.4.jar:/usr/local/hadoop-2.7.1/share/hadoop/common/lib/paranamer-2.3.jar:/usr/local/hadoop-2.7.1/share/hadoop/common/lib/httpclient-4.2.5.jar:/usr/local/hadoop-2.7.1/share/hadoop/common/lib/log4j-1.2.17.jar:/usr/local/hadoop-2.7.1/share/hadoop/common/lib/htrace-core-3.1.0-incubating.jar:/usr/local/hadoop-2.7.1/share/hadoop/common/lib/jets3t-0.9.0.jar:/usr/local/hadoop-2.7.1/share/hadoop/common/lib/zookeeper-3.4.6.jar:/usr/local/hadoop-2.7.1/share/hadoop/common/lib/hadoop-auth-2.7.1.jar:/usr/local/hadoop-2.7.1/share/hadoop/common/lib/java-xmlbuilder-0.4.jar:/usr/local/hadoop-2.7.1/share/hadoop/common/lib/jettison-1.1.jar:/usr/local/hadoop-2.7.1/share/hadoop/common/lib/slf4j-api-1.7.10.jar:/usr/local/hadoop-2.7.1/share/hadoop/common/lib/jersey-server-1.9.jar:/usr/local/hadoop-2.7.1/share/hadoop/common/lib/jackson-mapper-asl-1.9.13.jar:/usr/local/hadoop-2.7.1/share/hadoop/common/lib/avro-1.7.4.jar:/usr/local/hadoop-2.7.1/share/hadoop/common/lib/commons-codec-1.4.jar:/usr/local/hadoop-2.7.1/share/hadoop/common/lib/commons-cli-1.2.jar:/usr/local/hadoop-2.7.1/share/hadoop/common/lib/curator-recipes-2.7.1.jar:/usr/local/hadoop-2.7.1/share/hadoop/common/lib/commons-net-3.1.jar:/usr/local/hadoop-2.7.1/share/hadoop/common/lib/jetty-util-6.1.26.jar:/usr/local/hadoop-2.7.1/share/hadoop/common/lib/protobuf-java-2.5.0.jar:/usr/local/hadoop-2.7.1/share/hadoop/common/lib/hadoop-annotations-2.7.1.jar:/usr/local/hadoop-2.7.1/share/hadoop/common/lib/netty-3.6.2.Final.jar:/usr/local/hadoop-2.7.1/share/hadoop/common/lib/commons-digester-1.8.jar:/usr/local/hadoop-2.7.1/share/hadoop/common/lib/guava-11.0.2.jar:/usr/local/hadoop-2.7.1/share/hadoop/common/lib/commons-compress-1.4.1.jar:/usr/local/hadoop-2.7.1/share/hadoop/common/lib/jsch-0.1.42.jar:/usr/local/hadoop-2.7.1/share/hadoop/common/lib/commons-beanutils-1.7.0.jar:/usr/local/hadoop-2.7.1/share/hadoop/common/lib/jersey-core-1.9.jar:/usr/local/hadoop-2.7.1/share/hadoop/common/lib/api-util-1.0.0-M20.jar:/usr/local/hadoop-2.7.1/share/hadoop/common/lib/api-asn1-api-1.0.0-M20.jar:/usr/local/hadoop-2.7.1/share/hadoop/common/lib/xz-1.0.jar:/usr/local/hadoop-2.7.1/share/hadoop/common/lib/commons-httpclient-3.1.jar:/usr/local/hadoop-2.7.1/share/hadoop/common/lib/commons-beanutils-core-1.8.0.jar:/usr/local/hadoop-2.7.1/share/hadoop/common/lib/stax-api-1.0-2.jar:/usr/local/hadoop-2.7.1/share/hadoop/common/lib/asm-3.2.jar:/usr/local/hadoop-2.7.1/share/hadoop/common/lib/jackson-xc-1.9.13.jar:/usr/local/hadoop-2.7.1/share/hadoop/common/lib/commons-logging-1.1.3.jar:/usr/local/hadoop-2.7.1/share/hadoop/common/lib/jersey-json-1.9.jar:/usr/local/hadoop-2.7.1/share/hadoop/common/lib/jsr305-3.0.0.jar:/usr/local/hadoop-2.7.1/share/hadoop/common/lib/commons-collections-3.2.1.jar:/usr/local/hadoop-2.7.1/share/hadoop/common/lib/commons-math3-3.1.1.jar:/usr/local/hadoop-2.7.1/share/hadoop/common/lib/jetty-6.1.26.jar:/usr/local/hadoop-2.7.1/share/hadoop/common/lib/snappy-java-1.0.4.1.jar:/usr/local/hadoop-2.7.1/share/hadoop/common/lib/hamcrest-core-1.3.jar:/usr/local/hadoop-2.7.1/share/hadoop/common/lib/jaxb-api-2.2.2.jar:/usr/local/hadoop-2.7.1/share/hadoop/common/lib/commons-lang-2.6.jar:/usr/local/hadoop-2.7.1/share/hadoop/common/lib/junit-4.11.jar:/usr/local/hadoop-2.7.1/share/hadoop/common/lib/jackson-core-asl-1.9.13.jar:/usr/local/hadoop-2.7.1/share/hadoop/common/lib/mockito-all-1.8.5.jar:/usr/local/hadoop-2.7.1/share/hadoop/common/lib/servlet-api-2.5.jar:/usr/local/hadoop-2.7.1/share/hadoop/common/lib/httpcore-4.2.5.jar:/usr/local/hadoop-2.7.1/share/hadoop/common/lib/curator-framework-2.7.1.jar:/usr/local/hadoop-2.7.1/share/hadoop/common/lib/slf4j-log4j12-1.7.10.jar:/usr/local/hadoop-2.7.1/share/hadoop/common/lib/apacheds-i18n-2.0.0-M15.jar:/usr/local/hadoop-2.7.1/share/hadoop/common/lib/xmlenc-0.52.jar:/usr/local/hadoop-2.7.1/share/hadoop/common/hadoop-common-2.7.1.jar:/usr/local/hadoop-2.7.1/share/hadoop/common/hadoop-common-2.7.1-tests.jar:/usr/local/hadoop-2.7.1/share/hadoop/common/hadoop-nfs-2.7.1.jar:/usr/local/hadoop-2.7.1/share/hadoop/hdfs:/usr/local/hadoop-2.7.1/share/hadoop/hdfs/lib/xml-apis-1.3.04.jar:/usr/local/hadoop-2.7.1/share/hadoop/hdfs/lib/commons-io-2.4.jar:/usr/local/hadoop-2.7.1/share/hadoop/hdfs/lib/log4j-1.2.17.jar:/usr/local/hadoop-2.7.1/share/hadoop/hdfs/lib/htrace-core-3.1.0-incubating.jar:/usr/local/hadoop-2.7.1/share/hadoop/hdfs/lib/commons-daemon-1.0.13.jar:/usr/local/hadoop-2.7.1/share/hadoop/hdfs/lib/jersey-server-1.9.jar:/usr/local/hadoop-2.7.1/share/hadoop/hdfs/lib/jackson-mapper-asl-1.9.13.jar:/usr/local/hadoop-2.7.1/share/hadoop/hdfs/lib/commons-codec-1.4.jar:/usr/local/hadoop-2.7.1/share/hadoop/hdfs/lib/commons-cli-1.2.jar:/usr/local/hadoop-2.7.1/share/hadoop/hdfs/lib/jetty-util-6.1.26.jar:/usr/local/hadoop-2.7.1/share/hadoop/hdfs/lib/protobuf-java-2.5.0.jar:/usr/local/hadoop-2.7.1/share/hadoop/hdfs/lib/xercesImpl-2.9.1.jar:/usr/local/hadoop-2.7.1/share/hadoop/hdfs/lib/netty-3.6.2.Final.jar:/usr/local/hadoop-2.7.1/share/hadoop/hdfs/lib/guava-11.0.2.jar:/usr/local/hadoop-2.7.1/share/hadoop/hdfs/lib/jersey-core-1.9.jar:/usr/local/hadoop-2.7.1/share/hadoop/hdfs/lib/netty-all-4.0.23.Final.jar:/usr/local/hadoop-2.7.1/share/hadoop/hdfs/lib/asm-3.2.jar:/usr/local/hadoop-2.7.1/share/hadoop/hdfs/lib/commons-logging-1.1.3.jar:/usr/local/hadoop-2.7.1/share/hadoop/hdfs/lib/jsr305-3.0.0.jar:/usr/local/hadoop-2.7.1/share/hadoop/hdfs/lib/jetty-6.1.26.jar:/usr/local/hadoop-2.7.1/share/hadoop/hdfs/lib/commons-lang-2.6.jar:/usr/local/hadoop-2.7.1/share/hadoop/hdfs/lib/leveldbjni-all-1.8.jar:/usr/local/hadoop-2.7.1/share/hadoop/hdfs/lib/jackson-core-asl-1.9.13.jar:/usr/local/hadoop-2.7.1/share/hadoop/hdfs/lib/servlet-api-2.5.jar:/usr/local/hadoop-2.7.1/share/hadoop/hdfs/lib/xmlenc-0.52.jar:/usr/local/hadoop-2.7.1/share/hadoop/hdfs/hadoop-hdfs-2.7.1-tests.jar:/usr/local/hadoop-2.7.1/share/hadoop/hdfs/hadoop-hdfs-nfs-2.7.1.jar:/usr/local/hadoop-2.7.1/share/hadoop/hdfs/hadoop-hdfs-2.7.1.jar:/usr/local/hadoop-2.7.1/share/hadoop/yarn/lib/activation-1.1.jar:/usr/local/hadoop-2.7.1/share/hadoop/yarn/lib/jackson-jaxrs-1.9.13.jar:/usr/local/hadoop-2.7.1/share/hadoop/yarn/lib/jaxb-impl-2.2.3-1.jar:/usr/local/hadoop-2.7.1/share/hadoop/yarn/lib/commons-io-2.4.jar:/usr/local/hadoop-2.7.1/share/hadoop/yarn/lib/log4j-1.2.17.jar:/usr/local/hadoop-2.7.1/share/hadoop/yarn/lib/zookeeper-3.4.6.jar:/usr/local/hadoop-2.7.1/share/hadoop/yarn/lib/jettison-1.1.jar:/usr/local/hadoop-2.7.1/share/hadoop/yarn/lib/zookeeper-3.4.6-tests.jar:/usr/local/hadoop-2.7.1/share/hadoop/yarn/lib/jersey-server-1.9.jar:/usr/local/hadoop-2.7.1/share/hadoop/yarn/lib/jackson-mapper-asl-1.9.13.jar:/usr/local/hadoop-2.7.1/share/hadoop/yarn/lib/commons-codec-1.4.jar:/usr/local/hadoop-2.7.1/share/hadoop/yarn/lib/commons-cli-1.2.jar:/usr/local/hadoop-2.7.1/share/hadoop/yarn/lib/jetty-util-6.1.26.jar:/usr/local/hadoop-2.7.1/share/hadoop/yarn/lib/protobuf-java-2.5.0.jar:/usr/local/hadoop-2.7.1/share/hadoop/yarn/lib/jersey-client-1.9.jar:/usr/local/hadoop-2.7.1/share/hadoop/yarn/lib/aopalliance-1.0.jar:/usr/local/hadoop-2.7.1/share/hadoop/yarn/lib/netty-3.6.2.Final.jar:/usr/local/hadoop-2.7.1/share/hadoop/yarn/lib/guava-11.0.2.jar:/usr/local/hadoop-2.7.1/share/hadoop/yarn/lib/commons-compress-1.4.1.jar:/usr/local/hadoop-2.7.1/share/hadoop/yarn/lib/jersey-core-1.9.jar:/usr/local/hadoop-2.7.1/share/hadoop/yarn/lib/jersey-guice-1.9.jar:/usr/local/hadoop-2.7.1/share/hadoop/yarn/lib/guice-3.0.jar:/usr/local/hadoop-2.7.1/share/hadoop/yarn/lib/xz-1.0.jar:/usr/local/hadoop-2.7.1/share/hadoop/yarn/lib/stax-api-1.0-2.jar:/usr/local/hadoop-2.7.1/share/hadoop/yarn/lib/asm-3.2.jar:/usr/local/hadoop-2.7.1/share/hadoop/yarn/lib/jackson-xc-1.9.13.jar:/usr/local/hadoop-2.7.1/share/hadoop/yarn/lib/commons-logging-1.1.3.jar:/usr/local/hadoop-2.7.1/share/hadoop/yarn/lib/jersey-json-1.9.jar:/usr/local/hadoop-2.7.1/share/hadoop/yarn/lib/jsr305-3.0.0.jar:/usr/local/hadoop-2.7.1/share/hadoop/yarn/lib/guice-servlet-3.0.jar:/usr/local/hadoop-2.7.1/share/hadoop/yarn/lib/commons-collections-3.2.1.jar:/usr/local/hadoop-2.7.1/share/hadoop/yarn/lib/jetty-6.1.26.jar:/usr/local/hadoop-2.7.1/share/hadoop/yarn/lib/jaxb-api-2.2.2.jar:/usr/local/hadoop-2.7.1/share/hadoop/yarn/lib/commons-lang-2.6.jar:/usr/local/hadoop-2.7.1/share/hadoop/yarn/lib/leveldbjni-all-1.8.jar:/usr/local/hadoop-2.7.1/share/hadoop/yarn/lib/jackson-core-asl-1.9.13.jar:/usr/local/hadoop-2.7.1/share/hadoop/yarn/lib/servlet-api-2.5.jar:/usr/local/hadoop-2.7.1/share/hadoop/yarn/lib/javax.inject-1.jar:/usr/local/hadoop-2.7.1/share/hadoop/yarn/hadoop-yarn-server-common-2.7.1.jar:/usr/local/hadoop-2.7.1/share/hadoop/yarn/hadoop-yarn-server-applicationhistoryservice-2.7.1.jar:/usr/local/hadoop-2.7.1/share/hadoop/yarn/hadoop-yarn-common-2.7.1.jar:/usr/local/hadoop-2.7.1/share/hadoop/yarn/hadoop-yarn-api-2.7.1.jar:/usr/local/hadoop-2.7.1/share/hadoop/yarn/hadoop-yarn-applications-unmanaged-am-launcher-2.7.1.jar:/usr/local/hadoop-2.7.1/share/hadoop/yarn/hadoop-yarn-client-2.7.1.jar:/usr/local/hadoop-2.7.1/share/hadoop/yarn/hadoop-yarn-server-resourcemanager-2.7.1.jar:/usr/local/hadoop-2.7.1/share/hadoop/yarn/hadoop-yarn-registry-2.7.1.jar:/usr/local/hadoop-2.7.1/share/hadoop/yarn/hadoop-yarn-server-web-proxy-2.7.1.jar:/usr/local/hadoop-2.7.1/share/hadoop/yarn/hadoop-yarn-server-sharedcachemanager-2.7.1.jar:/usr/local/hadoop-2.7.1/share/hadoop/yarn/hadoop-yarn-server-tests-2.7.1.jar:/usr/local/hadoop-2.7.1/share/hadoop/yarn/hadoop-yarn-applications-distributedshell-2.7.1.jar:/usr/local/hadoop-2.7.1/share/hadoop/yarn/hadoop-yarn-server-nodemanager-2.7.1.jar:/usr/local/hadoop-2.7.1/share/hadoop/mapreduce/lib/commons-io-2.4.jar:/usr/local/hadoop-2.7.1/share/hadoop/mapreduce/lib/paranamer-2.3.jar:/usr/local/hadoop-2.7.1/share/hadoop/mapreduce/lib/log4j-1.2.17.jar:/usr/local/hadoop-2.7.1/share/hadoop/mapreduce/lib/jersey-server-1.9.jar:/usr/local/hadoop-2.7.1/share/hadoop/mapreduce/lib/jackson-mapper-asl-1.9.13.jar:/usr/local/hadoop-2.7.1/share/hadoop/mapreduce/lib/avro-1.7.4.jar:/usr/local/hadoop-2.7.1/share/hadoop/mapreduce/lib/protobuf-java-2.5.0.jar:/usr/local/hadoop-2.7.1/share/hadoop/mapreduce/lib/hadoop-annotations-2.7.1.jar:/usr/local/hadoop-2.7.1/share/hadoop/mapreduce/lib/aopalliance-1.0.jar:/usr/local/hadoop-2.7.1/share/hadoop/mapreduce/lib/netty-3.6.2.Final.jar:/usr/local/hadoop-2.7.1/share/hadoop/mapreduce/lib/commons-compress-1.4.1.jar:/usr/local/hadoop-2.7.1/share/hadoop/mapreduce/lib/jersey-core-1.9.jar:/usr/local/hadoop-2.7.1/share/hadoop/mapreduce/lib/jersey-guice-1.9.jar:/usr/local/hadoop-2.7.1/share/hadoop/mapreduce/lib/guice-3.0.jar:/usr/local/hadoop-2.7.1/share/hadoop/mapreduce/lib/xz-1.0.jar:/usr/local/hadoop-2.7.1/share/hadoop/mapreduce/lib/asm-3.2.jar:/usr/local/hadoop-2.7.1/share/hadoop/mapreduce/lib/guice-servlet-3.0.jar:/usr/local/hadoop-2.7.1/share/hadoop/mapreduce/lib/snappy-java-1.0.4.1.jar:/usr/local/hadoop-2.7.1/share/hadoop/mapreduce/lib/hamcrest-core-1.3.jar:/usr/local/hadoop-2.7.1/share/hadoop/mapreduce/lib/junit-4.11.jar:/usr/local/hadoop-2.7.1/share/hadoop/mapreduce/lib/leveldbjni-all-1.8.jar:/usr/local/hadoop-2.7.1/share/hadoop/mapreduce/lib/jackson-core-asl-1.9.13.jar:/usr/local/hadoop-2.7.1/share/hadoop/mapreduce/lib/javax.inject-1.jar:/usr/local/hadoop-2.7.1/share/hadoop/mapreduce/hadoop-mapreduce-client-core-2.7.1.jar:/usr/local/hadoop-2.7.1/share/hadoop/mapreduce/hadoop-mapreduce-client-hs-2.7.1.jar:/usr/local/hadoop-2.7.1/share/hadoop/mapreduce/hadoop-mapreduce-client-hs-plugins-2.7.1.jar:/usr/local/hadoop-2.7.1/share/hadoop/mapreduce/hadoop-mapreduce-client-common-2.7.1.jar:/usr/local/hadoop-2.7.1/share/hadoop/mapreduce/hadoop-mapreduce-client-app-2.7.1.jar:/usr/local/hadoop-2.7.1/share/hadoop/mapreduce/hadoop-mapreduce-client-jobclient-2.7.1.jar:/usr/local/hadoop-2.7.1/share/hadoop/mapreduce/hadoop-mapreduce-examples-2.7.1.jar:/usr/local/hadoop-2.7.1/share/hadoop/mapreduce/hadoop-mapreduce-client-jobclient-2.7.1-tests.jar:/usr/local/hadoop-2.7.1/share/hadoop/mapreduce/hadoop-mapreduce-client-shuffle-2.7.1.jar:/usr/local/hadoop-2.7.1/contrib/capacity-scheduler/*.jar:/usr/local/hadoop-2.7.1/contrib/capacity-scheduler/*.jar:/usr/local/hadoop-2.7.1/contrib/capacity-scheduler/*.jar:/usr/local/hadoop-2.7.1/share/hadoop/yarn/hadoop-yarn-server-common-2.7.1.jar:/usr/local/hadoop-2.7.1/share/hadoop/yarn/hadoop-yarn-server-applicationhistoryservice-2.7.1.jar:/usr/local/hadoop-2.7.1/share/hadoop/yarn/hadoop-yarn-common-2.7.1.jar:/usr/local/hadoop-2.7.1/share/hadoop/yarn/hadoop-yarn-api-2.7.1.jar:/usr/local/hadoop-2.7.1/share/hadoop/yarn/hadoop-yarn-applications-unmanaged-am-launcher-2.7.1.jar:/usr/local/hadoop-2.7.1/share/hadoop/yarn/hadoop-yarn-client-2.7.1.jar:/usr/local/hadoop-2.7.1/share/hadoop/yarn/hadoop-yarn-server-resourcemanager-2.7.1.jar:/usr/local/hadoop-2.7.1/share/hadoop/yarn/hadoop-yarn-registry-2.7.1.jar:/usr/local/hadoop-2.7.1/share/hadoop/yarn/hadoop-yarn-server-web-proxy-2.7.1.jar:/usr/local/hadoop-2.7.1/share/hadoop/yarn/hadoop-yarn-server-sharedcachemanager-2.7.1.jar:/usr/local/hadoop-2.7.1/share/hadoop/yarn/hadoop-yarn-server-tests-2.7.1.jar:/usr/local/hadoop-2.7.1/share/hadoop/yarn/hadoop-yarn-applications-distributedshell-2.7.1.jar:/usr/local/hadoop-2.7.1/share/hadoop/yarn/hadoop-yarn-server-nodemanager-2.7.1.jar:/usr/local/hadoop-2.7.1/share/hadoop/yarn/lib/activation-1.1.jar:/usr/local/hadoop-2.7.1/share/hadoop/yarn/lib/jackson-jaxrs-1.9.13.jar:/usr/local/hadoop-2.7.1/share/hadoop/yarn/lib/jaxb-impl-2.2.3-1.jar:/usr/local/hadoop-2.7.1/share/hadoop/yarn/lib/commons-io-2.4.jar:/usr/local/hadoop-2.7.1/share/hadoop/yarn/lib/log4j-1.2.17.jar:/usr/local/hadoop-2.7.1/share/hadoop/yarn/lib/zookeeper-3.4.6.jar:/usr/local/hadoop-2.7.1/share/hadoop/yarn/lib/jettison-1.1.jar:/usr/local/hadoop-2.7.1/share/hadoop/yarn/lib/zookeeper-3.4.6-tests.jar:/usr/local/hadoop-2.7.1/share/hadoop/yarn/lib/jersey-server-1.9.jar:/usr/local/hadoop-2.7.1/share/hadoop/yarn/lib/jackson-mapper-asl-1.9.13.jar:/usr/local/hadoop-2.7.1/share/hadoop/yarn/lib/commons-codec-1.4.jar:/usr/local/hadoop-2.7.1/share/hadoop/yarn/lib/commons-cli-1.2.jar:/usr/local/hadoop-2.7.1/share/hadoop/yarn/lib/jetty-util-6.1.26.jar:/usr/local/hadoop-2.7.1/share/hadoop/yarn/lib/protobuf-java-2.5.0.jar:/usr/local/hadoop-2.7.1/share/hadoop/yarn/lib/jersey-client-1.9.jar:/usr/local/hadoop-2.7.1/share/hadoop/yarn/lib/aopalliance-1.0.jar:/usr/local/hadoop-2.7.1/share/hadoop/yarn/lib/netty-3.6.2.Final.jar:/usr/local/hadoop-2.7.1/share/hadoop/yarn/lib/guava-11.0.2.jar:/usr/local/hadoop-2.7.1/share/hadoop/yarn/lib/commons-compress-1.4.1.jar:/usr/local/hadoop-2.7.1/share/hadoop/yarn/lib/jersey-core-1.9.jar:/usr/local/hadoop-2.7.1/share/hadoop/yarn/lib/jersey-guice-1.9.jar:/usr/local/hadoop-2.7.1/share/hadoop/yarn/lib/guice-3.0.jar:/usr/local/hadoop-2.7.1/share/hadoop/yarn/lib/xz-1.0.jar:/usr/local/hadoop-2.7.1/share/hadoop/yarn/lib/stax-api-1.0-2.jar:/usr/local/hadoop-2.7.1/share/hadoop/yarn/lib/asm-3.2.jar:/usr/local/hadoop-2.7.1/share/hadoop/yarn/lib/jackson-xc-1.9.13.jar:/usr/local/hadoop-2.7.1/share/hadoop/yarn/lib/commons-logging-1.1.3.jar:/usr/local/hadoop-2.7.1/share/hadoop/yarn/lib/jersey-json-1.9.jar:/usr/local/hadoop-2.7.1/share/hadoop/yarn/lib/jsr305-3.0.0.jar:/usr/local/hadoop-2.7.1/share/hadoop/yarn/lib/guice-servlet-3.0.jar:/usr/local/hadoop-2.7.1/share/hadoop/yarn/lib/commons-collections-3.2.1.jar:/usr/local/hadoop-2.7.1/share/hadoop/yarn/lib/jetty-6.1.26.jar:/usr/local/hadoop-2.7.1/share/hadoop/yarn/lib/jaxb-api-2.2.2.jar:/usr/local/hadoop-2.7.1/share/hadoop/yarn/lib/commons-lang-2.6.jar:/usr/local/hadoop-2.7.1/share/hadoop/yarn/lib/leveldbjni-all-1.8.jar:/usr/local/hadoop-2.7.1/share/hadoop/yarn/lib/jackson-core-asl-1.9.13.jar:/usr/local/hadoop-2.7.1/share/hadoop/yarn/lib/servlet-api-2.5.jar:/usr/local/hadoop-2.7.1/share/hadoop/yarn/lib/javax.inject-1.jar:/usr/local/hadoop-2.7.1/etc/hadoop/rm-config/log4j.properties
STARTUP_MSG:   build = https://git-wip-us.apache.org/repos/asf/hadoop.git -r 15ecc87ccf4a0228f35af08fc56de536e6ce657a; compiled by 'jenkins' on 2015-06-29T06:04Z
STARTUP_MSG:   java = 1.8.0_211
************************************************************/
2019-10-22 22:45:54,030 INFO org.apache.hadoop.yarn.server.resourcemanager.ResourceManager: registered UNIX signal handlers for [TERM, HUP, INT]
2019-10-22 22:45:54,638 INFO org.apache.hadoop.conf.Configuration: found resource core-site.xml at file:/usr/local/hadoop-2.7.1/etc/hadoop/core-site.xml
2019-10-22 22:45:54,839 INFO org.apache.hadoop.security.Groups: clearing userToGroupsMap cache
2019-10-22 22:45:54,975 INFO org.apache.hadoop.conf.Configuration: found resource yarn-site.xml at file:/usr/local/hadoop-2.7.1/etc/hadoop/yarn-site.xml
2019-10-22 22:45:55,393 INFO org.apache.hadoop.yarn.event.AsyncDispatcher: Registering class org.apache.hadoop.yarn.server.resourcemanager.RMFatalEventType for class org.apache.hadoop.yarn.server.resourcemanager.ResourceManager$RMFatalEventDispatcher
2019-10-22 22:45:55,824 INFO org.apache.hadoop.yarn.server.resourcemanager.security.NMTokenSecretManagerInRM: NMTokenKeyRollingInterval: 86400000ms and NMTokenKeyActivationDelay: 900000ms
2019-10-22 22:45:55,840 INFO org.apache.hadoop.yarn.server.resourcemanager.security.RMContainerTokenSecretManager: ContainerTokenKeyRollingInterval: 86400000ms and ContainerTokenKeyActivationDelay: 900000ms
2019-10-22 22:45:55,857 INFO org.apache.hadoop.yarn.server.resourcemanager.security.AMRMTokenSecretManager: AMRMTokenKeyRollingInterval: 86400000ms and AMRMTokenKeyActivationDelay: 900000 ms
2019-10-22 22:45:56,008 INFO org.apache.hadoop.yarn.event.AsyncDispatcher: Registering class org.apache.hadoop.yarn.server.resourcemanager.recovery.RMStateStoreEventType for class org.apache.hadoop.yarn.server.resourcemanager.recovery.RMStateStore$ForwardingEventHandler
2019-10-22 22:45:56,013 INFO org.apache.hadoop.yarn.event.AsyncDispatcher: Registering class org.apache.hadoop.yarn.server.resourcemanager.NodesListManagerEventType for class org.apache.hadoop.yarn.server.resourcemanager.NodesListManager
2019-10-22 22:45:56,014 INFO org.apache.hadoop.yarn.server.resourcemanager.ResourceManager: Using Scheduler: org.apache.hadoop.yarn.server.resourcemanager.scheduler.capacity.CapacityScheduler
2019-10-22 22:45:56,033 INFO org.apache.hadoop.yarn.event.AsyncDispatcher: Registering class org.apache.hadoop.yarn.server.resourcemanager.scheduler.event.SchedulerEventType for class org.apache.hadoop.yarn.server.resourcemanager.ResourceManager$SchedulerEventDispatcher
2019-10-22 22:45:56,034 INFO org.apache.hadoop.yarn.event.AsyncDispatcher: Registering class org.apache.hadoop.yarn.server.resourcemanager.rmapp.RMAppEventType for class org.apache.hadoop.yarn.server.resourcemanager.ResourceManager$ApplicationEventDispatcher
2019-10-22 22:45:56,035 INFO org.apache.hadoop.yarn.event.AsyncDispatcher: Registering class org.apache.hadoop.yarn.server.resourcemanager.rmapp.attempt.RMAppAttemptEventType for class org.apache.hadoop.yarn.server.resourcemanager.ResourceManager$ApplicationAttemptEventDispatcher
2019-10-22 22:45:56,037 INFO org.apache.hadoop.yarn.event.AsyncDispatcher: Registering class org.apache.hadoop.yarn.server.resourcemanager.rmnode.RMNodeEventType for class org.apache.hadoop.yarn.server.resourcemanager.ResourceManager$NodeEventDispatcher
2019-10-22 22:45:56,152 INFO org.apache.hadoop.metrics2.impl.MetricsConfig: loaded properties from hadoop-metrics2.properties
2019-10-22 22:45:56,260 INFO org.apache.hadoop.metrics2.impl.MetricsSystemImpl: Scheduled snapshot period at 10 second(s).
2019-10-22 22:45:56,260 INFO org.apache.hadoop.metrics2.impl.MetricsSystemImpl: ResourceManager metrics system started
2019-10-22 22:45:56,278 INFO org.apache.hadoop.yarn.event.AsyncDispatcher: Registering class org.apache.hadoop.yarn.server.resourcemanager.RMAppManagerEventType for class org.apache.hadoop.yarn.server.resourcemanager.RMAppManager
2019-10-22 22:45:56,286 INFO org.apache.hadoop.yarn.event.AsyncDispatcher: Registering class org.apache.hadoop.yarn.server.resourcemanager.amlauncher.AMLauncherEventType for class org.apache.hadoop.yarn.server.resourcemanager.amlauncher.ApplicationMasterLauncher
2019-10-22 22:45:56,287 INFO org.apache.hadoop.yarn.server.resourcemanager.RMNMInfo: Registered RMNMInfo MBean
2019-10-22 22:45:56,290 INFO org.apache.hadoop.yarn.security.YarnAuthorizationProvider: org.apache.hadoop.yarn.security.ConfiguredYarnAuthorizer is instiantiated.
2019-10-22 22:45:56,290 INFO org.apache.hadoop.yarn.server.resourcemanager.metrics.SystemMetricsPublisher: YARN system metrics publishing service is not enabled
2019-10-22 22:45:56,290 INFO org.apache.hadoop.util.HostsFileReader: Refreshing hosts (include/exclude) list
2019-10-22 22:45:56,329 INFO org.apache.hadoop.conf.Configuration: found resource capacity-scheduler.xml at file:/usr/local/hadoop-2.7.1/etc/hadoop/capacity-scheduler.xml
2019-10-22 22:45:56,495 INFO org.apache.hadoop.yarn.server.resourcemanager.scheduler.capacity.CapacitySchedulerConfiguration: max alloc mb per queue for root is undefined
2019-10-22 22:45:56,495 INFO org.apache.hadoop.yarn.server.resourcemanager.scheduler.capacity.CapacitySchedulerConfiguration: max alloc vcore per queue for root is undefined
2019-10-22 22:45:56,499 INFO org.apache.hadoop.yarn.server.resourcemanager.scheduler.capacity.ParentQueue: root, capacity=1.0, asboluteCapacity=1.0, maxCapacity=1.0, asboluteMaxCapacity=1.0, state=RUNNING, acls=SUBMIT_APP:*ADMINISTER_QUEUE:*, labels=*,
, reservationsContinueLooking=true
2019-10-22 22:45:56,499 INFO org.apache.hadoop.yarn.server.resourcemanager.scheduler.capacity.ParentQueue: Initialized parent-queue root name=root, fullname=root
2019-10-22 22:45:56,509 INFO org.apache.hadoop.yarn.server.resourcemanager.scheduler.capacity.CapacitySchedulerConfiguration: max alloc mb per queue for root.default is undefined
2019-10-22 22:45:56,509 INFO org.apache.hadoop.yarn.server.resourcemanager.scheduler.capacity.CapacitySchedulerConfiguration: max alloc vcore per queue for root.default is undefined
2019-10-22 22:45:56,510 INFO org.apache.hadoop.yarn.server.resourcemanager.scheduler.capacity.LeafQueue: Initializing default
capacity = 1.0 [= (float) configuredCapacity / 100 ]
asboluteCapacity = 1.0 [= parentAbsoluteCapacity * capacity ]
maxCapacity = 1.0 [= configuredMaxCapacity ]
absoluteMaxCapacity = 1.0 [= 1.0 maximumCapacity undefined, (parentAbsoluteMaxCapacity * maximumCapacity) / 100 otherwise ]
userLimit = 100 [= configuredUserLimit ]
userLimitFactor = 1.0 [= configuredUserLimitFactor ]
maxApplications = 10000 [= configuredMaximumSystemApplicationsPerQueue or (int)(configuredMaximumSystemApplications * absoluteCapacity)]
maxApplicationsPerUser = 10000 [= (int)(maxApplications * (userLimit / 100.0f) * userLimitFactor) ]
usedCapacity = 0.0 [= usedResourcesMemory / (clusterResourceMemory * absoluteCapacity)]
absoluteUsedCapacity = 0.0 [= usedResourcesMemory / clusterResourceMemory]
maxAMResourcePerQueuePercent = 0.1 [= configuredMaximumAMResourcePercent ]
minimumAllocationFactor = 0.875 [= (float)(maximumAllocationMemory - minimumAllocationMemory) / maximumAllocationMemory ]
maximumAllocation = <memory:8192, vCores:32> [= configuredMaxAllocation ]
numContainers = 0 [= currentNumContainers ]
state = RUNNING [= configuredState ]
acls = SUBMIT_APP:*ADMINISTER_QUEUE:* [= configuredAcls ]
nodeLocalityDelay = 40
labels=*,
nodeLocalityDelay = 40
reservationsContinueLooking = true
preemptionDisabled = true

2019-10-22 22:45:56,510 INFO org.apache.hadoop.yarn.server.resourcemanager.scheduler.capacity.CapacityScheduler: Initialized queue: default: capacity=1.0, absoluteCapacity=1.0, usedResources=<memory:0, vCores:0>, usedCapacity=0.0, absoluteUsedCapacity=0.0, numApps=0, numContainers=0
2019-10-22 22:45:56,511 INFO org.apache.hadoop.yarn.server.resourcemanager.scheduler.capacity.CapacityScheduler: Initialized queue: root: numChildQueue= 1, capacity=1.0, absoluteCapacity=1.0, usedResources=<memory:0, vCores:0>usedCapacity=0.0, numApps=0, numContainers=0
2019-10-22 22:45:56,511 INFO org.apache.hadoop.yarn.server.resourcemanager.scheduler.capacity.CapacityScheduler: Initialized root queue root: numChildQueue= 1, capacity=1.0, absoluteCapacity=1.0, usedResources=<memory:0, vCores:0>usedCapacity=0.0, numApps=0, numContainers=0
2019-10-22 22:45:56,511 INFO org.apache.hadoop.yarn.server.resourcemanager.scheduler.capacity.CapacityScheduler: Initialized queue mappings, override: false
2019-10-22 22:45:56,512 INFO org.apache.hadoop.yarn.server.resourcemanager.scheduler.capacity.CapacityScheduler: Initialized CapacityScheduler with calculator=class org.apache.hadoop.yarn.util.resource.DefaultResourceCalculator, minimumAllocation=<<memory:1024, vCores:1>>, maximumAllocation=<<memory:8192, vCores:32>>, asynchronousScheduling=false, asyncScheduleInterval=5ms
2019-10-22 22:45:56,520 INFO org.apache.hadoop.yarn.server.resourcemanager.ResourceManager: Transitioning to active state
2019-10-22 22:45:56,561 INFO org.apache.hadoop.yarn.server.resourcemanager.recovery.RMStateStore: Updating AMRMToken
2019-10-22 22:45:56,561 INFO org.apache.hadoop.yarn.server.resourcemanager.security.RMContainerTokenSecretManager: Rolling master-key for container-tokens
2019-10-22 22:45:56,561 INFO org.apache.hadoop.yarn.server.resourcemanager.security.NMTokenSecretManagerInRM: Rolling master-key for nm-tokens
2019-10-22 22:45:56,562 INFO org.apache.hadoop.security.token.delegation.AbstractDelegationTokenSecretManager: Updating the current master key for generating delegation tokens
2019-10-22 22:45:56,562 INFO org.apache.hadoop.yarn.server.resourcemanager.security.RMDelegationTokenSecretManager: storing master key with keyID 1
2019-10-22 22:45:56,562 INFO org.apache.hadoop.yarn.server.resourcemanager.recovery.RMStateStore: Storing RMDTMasterKey.
2019-10-22 22:45:56,565 INFO org.apache.hadoop.security.token.delegation.AbstractDelegationTokenSecretManager: Starting expired delegation token remover thread, tokenRemoverScanInterval=60 min(s)
2019-10-22 22:45:56,565 INFO org.apache.hadoop.security.token.delegation.AbstractDelegationTokenSecretManager: Updating the current master key for generating delegation tokens
2019-10-22 22:45:56,565 INFO org.apache.hadoop.yarn.server.resourcemanager.security.RMDelegationTokenSecretManager: storing master key with keyID 2
2019-10-22 22:45:56,565 INFO org.apache.hadoop.yarn.server.resourcemanager.recovery.RMStateStore: Storing RMDTMasterKey.
2019-10-22 22:45:56,567 INFO org.apache.hadoop.yarn.event.AsyncDispatcher: Registering class org.apache.hadoop.yarn.nodelabels.event.NodeLabelsStoreEventType for class org.apache.hadoop.yarn.nodelabels.CommonNodeLabelsManager$ForwardingEventHandler
2019-10-22 22:45:56,735 INFO org.apache.hadoop.ipc.CallQueueManager: Using callQueue class java.util.concurrent.LinkedBlockingQueue
2019-10-22 22:45:56,760 INFO org.apache.hadoop.ipc.Server: Starting Socket Reader #1 for port 8031
2019-10-22 22:45:56,786 INFO org.apache.hadoop.yarn.factories.impl.pb.RpcServerFactoryPBImpl: Adding protocol org.apache.hadoop.yarn.server.api.ResourceTrackerPB to the server
2019-10-22 22:45:56,788 INFO org.apache.hadoop.ipc.Server: IPC Server Responder: starting
2019-10-22 22:45:56,790 INFO org.apache.hadoop.ipc.Server: IPC Server listener on 8031: starting
2019-10-22 22:45:56,925 INFO org.apache.hadoop.ipc.CallQueueManager: Using callQueue class java.util.concurrent.LinkedBlockingQueue
2019-10-22 22:45:56,933 INFO org.apache.hadoop.ipc.Server: Starting Socket Reader #1 for port 8030
2019-10-22 22:45:56,940 INFO org.apache.hadoop.yarn.factories.impl.pb.RpcServerFactoryPBImpl: Adding protocol org.apache.hadoop.yarn.api.ApplicationMasterProtocolPB to the server
2019-10-22 22:45:56,945 INFO org.apache.hadoop.ipc.Server: IPC Server Responder: starting
2019-10-22 22:45:56,945 INFO org.apache.hadoop.ipc.Server: IPC Server listener on 8030: starting
2019-10-22 22:45:59,082 INFO org.apache.hadoop.ipc.CallQueueManager: Using callQueue class java.util.concurrent.LinkedBlockingQueue
2019-10-22 22:45:59,083 INFO org.apache.hadoop.ipc.Server: Starting Socket Reader #1 for port 8032
2019-10-22 22:45:59,085 INFO org.apache.hadoop.yarn.factories.impl.pb.RpcServerFactoryPBImpl: Adding protocol org.apache.hadoop.yarn.api.ApplicationClientProtocolPB to the server
2019-10-22 22:45:59,092 INFO org.apache.hadoop.ipc.Server: IPC Server Responder: starting
2019-10-22 22:45:59,094 INFO org.apache.hadoop.ipc.Server: IPC Server listener on 8032: starting
2019-10-22 22:45:59,104 INFO org.apache.hadoop.yarn.server.resourcemanager.ResourceManager: Transitioned to active state
2019-10-22 22:45:59,286 INFO org.mortbay.log: Logging to org.slf4j.impl.Log4jLoggerAdapter(org.mortbay.log) via org.mortbay.log.Slf4jLog
2019-10-22 22:45:59,304 INFO org.apache.hadoop.security.authentication.server.AuthenticationFilter: Unable to initialize FileSignerSecretProvider, falling back to use random secrets.
2019-10-22 22:45:59,315 INFO org.apache.hadoop.http.HttpRequestLog: Http request log for http.requests.resourcemanager is not defined
2019-10-22 22:45:59,334 INFO org.apache.hadoop.http.HttpServer2: Added global filter 'safety' (class=org.apache.hadoop.http.HttpServer2$QuotingInputFilter)
2019-10-22 22:45:59,337 INFO org.apache.hadoop.http.HttpServer2: Added filter RMAuthenticationFilter (class=org.apache.hadoop.yarn.server.security.http.RMAuthenticationFilter) to context cluster
2019-10-22 22:45:59,337 INFO org.apache.hadoop.http.HttpServer2: Added filter RMAuthenticationFilter (class=org.apache.hadoop.yarn.server.security.http.RMAuthenticationFilter) to context static
2019-10-22 22:45:59,337 INFO org.apache.hadoop.http.HttpServer2: Added filter RMAuthenticationFilter (class=org.apache.hadoop.yarn.server.security.http.RMAuthenticationFilter) to context logs
2019-10-22 22:45:59,338 INFO org.apache.hadoop.http.HttpServer2: Added filter static_user_filter (class=org.apache.hadoop.http.lib.StaticUserWebFilter$StaticUserFilter) to context cluster
2019-10-22 22:45:59,338 INFO org.apache.hadoop.http.HttpServer2: Added filter static_user_filter (class=org.apache.hadoop.http.lib.StaticUserWebFilter$StaticUserFilter) to context static
2019-10-22 22:45:59,338 INFO org.apache.hadoop.http.HttpServer2: Added filter static_user_filter (class=org.apache.hadoop.http.lib.StaticUserWebFilter$StaticUserFilter) to context logs
2019-10-22 22:45:59,342 INFO org.apache.hadoop.http.HttpServer2: adding path spec: /cluster/*
2019-10-22 22:45:59,342 INFO org.apache.hadoop.http.HttpServer2: adding path spec: /ws/*
2019-10-22 22:45:59,356 INFO org.apache.hadoop.http.HttpServer2: Jetty bound to port 8088
2019-10-22 22:45:59,356 INFO org.mortbay.log: jetty-6.1.26
2019-10-22 22:45:59,392 INFO org.mortbay.log: Extract jar:file:/usr/local/hadoop-2.7.1/share/hadoop/yarn/hadoop-yarn-common-2.7.1.jar!/webapps/cluster to /tmp/Jetty_0_0_0_0_8088_cluster____u0rgz3/webapp
2019-10-22 22:45:59,841 INFO org.apache.hadoop.security.token.delegation.AbstractDelegationTokenSecretManager: Updating the current master key for generating delegation tokens
2019-10-22 22:45:59,874 INFO org.mortbay.log: Started HttpServer2$SelectChannelConnectorWithSafeStartup@0.0.0.0:8088
2019-10-22 22:45:59,874 INFO org.apache.hadoop.yarn.webapp.WebApps: Web app /cluster started at 8088
2019-10-22 22:45:59,902 INFO org.apache.hadoop.security.token.delegation.AbstractDelegationTokenSecretManager: Starting expired delegation token remover thread, tokenRemoverScanInterval=60 min(s)
2019-10-22 22:45:59,903 INFO org.apache.hadoop.security.token.delegation.AbstractDelegationTokenSecretManager: Updating the current master key for generating delegation tokens
2019-10-22 22:46:00,855 INFO org.apache.hadoop.yarn.webapp.WebApps: Registered webapp guice modules
2019-10-22 22:46:00,965 INFO org.apache.hadoop.ipc.CallQueueManager: Using callQueue class java.util.concurrent.LinkedBlockingQueue
2019-10-22 22:46:00,980 INFO org.apache.hadoop.ipc.Server: Starting Socket Reader #1 for port 8033
2019-10-22 22:46:00,986 INFO org.apache.hadoop.yarn.factories.impl.pb.RpcServerFactoryPBImpl: Adding protocol org.apache.hadoop.yarn.server.api.ResourceManagerAdministrationProtocolPB to the server
2019-10-22 22:46:01,001 INFO org.apache.hadoop.ipc.Server: IPC Server Responder: starting
2019-10-22 22:46:01,012 INFO org.apache.hadoop.ipc.Server: IPC Server listener on 8033: starting
2019-10-22 22:46:07,231 INFO org.apache.hadoop.yarn.util.RackResolver: Resolved hdp-01 to /default-rack
2019-10-22 22:46:07,234 INFO org.apache.hadoop.yarn.server.resourcemanager.ResourceTrackerService: NodeManager from node hdp-01(cmPort: 36650 httpPort: 8042) registered with capability: <memory:8192, vCores:8>, assigned nodeId hdp-01:36650
2019-10-22 22:46:07,239 INFO org.apache.hadoop.yarn.server.resourcemanager.rmnode.RMNodeImpl: hdp-01:36650 Node Transitioned from NEW to RUNNING
2019-10-22 22:46:07,243 INFO org.apache.hadoop.yarn.server.resourcemanager.scheduler.capacity.CapacityScheduler: Added node hdp-01:36650 clusterResource: <memory:8192, vCores:8>
2019-10-22 22:55:56,333 INFO org.apache.hadoop.yarn.server.resourcemanager.scheduler.AbstractYarnScheduler: Release request cache is cleaned up
2019-10-22 22:56:41,983 ERROR org.apache.hadoop.yarn.server.resourcemanager.ResourceManager: RECEIVED SIGNAL 15: SIGTERM
2019-10-22 22:56:42,029 ERROR org.apache.hadoop.security.token.delegation.AbstractDelegationTokenSecretManager: ExpiredTokenRemover received java.lang.InterruptedException: sleep interrupted
2019-10-22 22:56:42,031 INFO org.mortbay.log: Stopped HttpServer2$SelectChannelConnectorWithSafeStartup@0.0.0.0:8088
2019-10-22 22:56:42,034 WARN org.apache.hadoop.http.HttpServer2: HttpServer Acceptor: isRunning is false. Rechecking.
2019-10-22 22:56:42,034 WARN org.apache.hadoop.http.HttpServer2: HttpServer Acceptor: isRunning is false
2019-10-22 22:56:42,035 INFO org.apache.hadoop.ipc.Server: Stopping server on 8032
2019-10-22 22:56:42,043 INFO org.apache.hadoop.ipc.Server: Stopping IPC Server listener on 8032
2019-10-22 22:56:42,043 INFO org.apache.hadoop.ipc.Server: Stopping server on 8033
2019-10-22 22:56:42,044 INFO org.apache.hadoop.ipc.Server: Stopping IPC Server Responder
2019-10-22 22:56:42,045 INFO org.apache.hadoop.ipc.Server: Stopping IPC Server listener on 8033
2019-10-22 22:56:42,045 INFO org.apache.hadoop.ipc.Server: Stopping IPC Server Responder
2019-10-22 22:56:42,046 INFO org.apache.hadoop.yarn.server.resourcemanager.ResourceManager: Transitioning to standby state
2019-10-22 22:56:42,046 INFO org.apache.hadoop.metrics2.impl.MetricsSystemImpl: Stopping ResourceManager metrics system...
2019-10-22 22:56:42,051 INFO org.apache.hadoop.metrics2.impl.MetricsSystemImpl: ResourceManager metrics system stopped.
2019-10-22 22:56:42,051 INFO org.apache.hadoop.metrics2.impl.MetricsSystemImpl: ResourceManager metrics system shutdown complete.
2019-10-22 22:56:42,051 INFO org.apache.hadoop.yarn.event.AsyncDispatcher: AsyncDispatcher is draining to stop, igonring any new events.
2019-10-22 22:56:42,052 WARN org.apache.hadoop.yarn.server.resourcemanager.amlauncher.ApplicationMasterLauncher: org.apache.hadoop.yarn.server.resourcemanager.amlauncher.ApplicationMasterLauncher$LauncherThread interrupted. Returning.
2019-10-22 22:56:42,052 INFO org.apache.hadoop.ipc.Server: Stopping server on 8030
2019-10-22 22:56:42,058 INFO org.apache.hadoop.ipc.Server: Stopping server on 8031
2019-10-22 22:56:42,058 INFO org.apache.hadoop.ipc.Server: Stopping IPC Server listener on 8030
2019-10-22 22:56:42,058 INFO org.apache.hadoop.ipc.Server: Stopping IPC Server Responder
2019-10-22 22:56:42,064 INFO org.apache.hadoop.ipc.Server: Stopping IPC Server listener on 8031
2019-10-22 22:56:42,064 INFO org.apache.hadoop.ipc.Server: Stopping IPC Server Responder
2019-10-22 22:56:42,064 INFO org.apache.hadoop.yarn.util.AbstractLivelinessMonitor: NMLivelinessMonitor thread interrupted
2019-10-22 22:56:42,065 ERROR org.apache.hadoop.yarn.server.resourcemanager.ResourceManager: Returning, interrupted : java.lang.InterruptedException
2019-10-22 22:56:42,067 INFO org.apache.hadoop.yarn.event.AsyncDispatcher: AsyncDispatcher is draining to stop, igonring any new events.
2019-10-22 22:56:42,068 INFO org.apache.hadoop.yarn.util.AbstractLivelinessMonitor: AMLivelinessMonitor thread interrupted
2019-10-22 22:56:42,068 INFO org.apache.hadoop.yarn.util.AbstractLivelinessMonitor: AMLivelinessMonitor thread interrupted
2019-10-22 22:56:42,068 INFO org.apache.hadoop.yarn.util.AbstractLivelinessMonitor: org.apache.hadoop.yarn.server.resourcemanager.rmcontainer.ContainerAllocationExpirer thread interrupted
2019-10-22 22:56:42,068 ERROR org.apache.hadoop.security.token.delegation.AbstractDelegationTokenSecretManager: ExpiredTokenRemover received java.lang.InterruptedException: sleep interrupted
2019-10-22 22:56:42,069 INFO org.apache.hadoop.yarn.server.resourcemanager.ResourceManager: Transitioned to standby state
2019-10-22 22:56:42,069 INFO org.apache.hadoop.yarn.server.resourcemanager.ResourceManager: SHUTDOWN_MSG: 
/************************************************************
SHUTDOWN_MSG: Shutting down ResourceManager at hdp-01/192.168.245.130
************************************************************/
2019-10-22 23:09:15,264 INFO org.apache.hadoop.yarn.server.resourcemanager.ResourceManager: STARTUP_MSG: 
/************************************************************
STARTUP_MSG: Starting ResourceManager
STARTUP_MSG:   host = hdp-01/192.168.245.130
STARTUP_MSG:   args = []
STARTUP_MSG:   version = 2.7.1
STARTUP_MSG:   classpath = /usr/local/hadoop-2.7.1/etc/hadoop:/usr/local/hadoop-2.7.1/etc/hadoop:/usr/local/hadoop-2.7.1/etc/hadoop:/usr/local/hadoop-2.7.1/share/hadoop/common/lib/commons-configuration-1.6.jar:/usr/local/hadoop-2.7.1/share/hadoop/common/lib/curator-client-2.7.1.jar:/usr/local/hadoop-2.7.1/share/hadoop/common/lib/gson-2.2.4.jar:/usr/local/hadoop-2.7.1/share/hadoop/common/lib/activation-1.1.jar:/usr/local/hadoop-2.7.1/share/hadoop/common/lib/jackson-jaxrs-1.9.13.jar:/usr/local/hadoop-2.7.1/share/hadoop/common/lib/jsp-api-2.1.jar:/usr/local/hadoop-2.7.1/share/hadoop/common/lib/jaxb-impl-2.2.3-1.jar:/usr/local/hadoop-2.7.1/share/hadoop/common/lib/apacheds-kerberos-codec-2.0.0-M15.jar:/usr/local/hadoop-2.7.1/share/hadoop/common/lib/commons-io-2.4.jar:/usr/local/hadoop-2.7.1/share/hadoop/common/lib/paranamer-2.3.jar:/usr/local/hadoop-2.7.1/share/hadoop/common/lib/httpclient-4.2.5.jar:/usr/local/hadoop-2.7.1/share/hadoop/common/lib/log4j-1.2.17.jar:/usr/local/hadoop-2.7.1/share/hadoop/common/lib/htrace-core-3.1.0-incubating.jar:/usr/local/hadoop-2.7.1/share/hadoop/common/lib/jets3t-0.9.0.jar:/usr/local/hadoop-2.7.1/share/hadoop/common/lib/zookeeper-3.4.6.jar:/usr/local/hadoop-2.7.1/share/hadoop/common/lib/hadoop-auth-2.7.1.jar:/usr/local/hadoop-2.7.1/share/hadoop/common/lib/java-xmlbuilder-0.4.jar:/usr/local/hadoop-2.7.1/share/hadoop/common/lib/jettison-1.1.jar:/usr/local/hadoop-2.7.1/share/hadoop/common/lib/slf4j-api-1.7.10.jar:/usr/local/hadoop-2.7.1/share/hadoop/common/lib/jersey-server-1.9.jar:/usr/local/hadoop-2.7.1/share/hadoop/common/lib/jackson-mapper-asl-1.9.13.jar:/usr/local/hadoop-2.7.1/share/hadoop/common/lib/avro-1.7.4.jar:/usr/local/hadoop-2.7.1/share/hadoop/common/lib/commons-codec-1.4.jar:/usr/local/hadoop-2.7.1/share/hadoop/common/lib/commons-cli-1.2.jar:/usr/local/hadoop-2.7.1/share/hadoop/common/lib/curator-recipes-2.7.1.jar:/usr/local/hadoop-2.7.1/share/hadoop/common/lib/commons-net-3.1.jar:/usr/local/hadoop-2.7.1/share/hadoop/common/lib/jetty-util-6.1.26.jar:/usr/local/hadoop-2.7.1/share/hadoop/common/lib/protobuf-java-2.5.0.jar:/usr/local/hadoop-2.7.1/share/hadoop/common/lib/hadoop-annotations-2.7.1.jar:/usr/local/hadoop-2.7.1/share/hadoop/common/lib/netty-3.6.2.Final.jar:/usr/local/hadoop-2.7.1/share/hadoop/common/lib/commons-digester-1.8.jar:/usr/local/hadoop-2.7.1/share/hadoop/common/lib/guava-11.0.2.jar:/usr/local/hadoop-2.7.1/share/hadoop/common/lib/commons-compress-1.4.1.jar:/usr/local/hadoop-2.7.1/share/hadoop/common/lib/jsch-0.1.42.jar:/usr/local/hadoop-2.7.1/share/hadoop/common/lib/commons-beanutils-1.7.0.jar:/usr/local/hadoop-2.7.1/share/hadoop/common/lib/jersey-core-1.9.jar:/usr/local/hadoop-2.7.1/share/hadoop/common/lib/api-util-1.0.0-M20.jar:/usr/local/hadoop-2.7.1/share/hadoop/common/lib/api-asn1-api-1.0.0-M20.jar:/usr/local/hadoop-2.7.1/share/hadoop/common/lib/xz-1.0.jar:/usr/local/hadoop-2.7.1/share/hadoop/common/lib/commons-httpclient-3.1.jar:/usr/local/hadoop-2.7.1/share/hadoop/common/lib/commons-beanutils-core-1.8.0.jar:/usr/local/hadoop-2.7.1/share/hadoop/common/lib/stax-api-1.0-2.jar:/usr/local/hadoop-2.7.1/share/hadoop/common/lib/asm-3.2.jar:/usr/local/hadoop-2.7.1/share/hadoop/common/lib/jackson-xc-1.9.13.jar:/usr/local/hadoop-2.7.1/share/hadoop/common/lib/commons-logging-1.1.3.jar:/usr/local/hadoop-2.7.1/share/hadoop/common/lib/jersey-json-1.9.jar:/usr/local/hadoop-2.7.1/share/hadoop/common/lib/jsr305-3.0.0.jar:/usr/local/hadoop-2.7.1/share/hadoop/common/lib/commons-collections-3.2.1.jar:/usr/local/hadoop-2.7.1/share/hadoop/common/lib/commons-math3-3.1.1.jar:/usr/local/hadoop-2.7.1/share/hadoop/common/lib/jetty-6.1.26.jar:/usr/local/hadoop-2.7.1/share/hadoop/common/lib/snappy-java-1.0.4.1.jar:/usr/local/hadoop-2.7.1/share/hadoop/common/lib/hamcrest-core-1.3.jar:/usr/local/hadoop-2.7.1/share/hadoop/common/lib/jaxb-api-2.2.2.jar:/usr/local/hadoop-2.7.1/share/hadoop/common/lib/commons-lang-2.6.jar:/usr/local/hadoop-2.7.1/share/hadoop/common/lib/junit-4.11.jar:/usr/local/hadoop-2.7.1/share/hadoop/common/lib/jackson-core-asl-1.9.13.jar:/usr/local/hadoop-2.7.1/share/hadoop/common/lib/mockito-all-1.8.5.jar:/usr/local/hadoop-2.7.1/share/hadoop/common/lib/servlet-api-2.5.jar:/usr/local/hadoop-2.7.1/share/hadoop/common/lib/httpcore-4.2.5.jar:/usr/local/hadoop-2.7.1/share/hadoop/common/lib/curator-framework-2.7.1.jar:/usr/local/hadoop-2.7.1/share/hadoop/common/lib/slf4j-log4j12-1.7.10.jar:/usr/local/hadoop-2.7.1/share/hadoop/common/lib/apacheds-i18n-2.0.0-M15.jar:/usr/local/hadoop-2.7.1/share/hadoop/common/lib/xmlenc-0.52.jar:/usr/local/hadoop-2.7.1/share/hadoop/common/hadoop-common-2.7.1.jar:/usr/local/hadoop-2.7.1/share/hadoop/common/hadoop-common-2.7.1-tests.jar:/usr/local/hadoop-2.7.1/share/hadoop/common/hadoop-nfs-2.7.1.jar:/usr/local/hadoop-2.7.1/share/hadoop/hdfs:/usr/local/hadoop-2.7.1/share/hadoop/hdfs/lib/xml-apis-1.3.04.jar:/usr/local/hadoop-2.7.1/share/hadoop/hdfs/lib/commons-io-2.4.jar:/usr/local/hadoop-2.7.1/share/hadoop/hdfs/lib/log4j-1.2.17.jar:/usr/local/hadoop-2.7.1/share/hadoop/hdfs/lib/htrace-core-3.1.0-incubating.jar:/usr/local/hadoop-2.7.1/share/hadoop/hdfs/lib/commons-daemon-1.0.13.jar:/usr/local/hadoop-2.7.1/share/hadoop/hdfs/lib/jersey-server-1.9.jar:/usr/local/hadoop-2.7.1/share/hadoop/hdfs/lib/jackson-mapper-asl-1.9.13.jar:/usr/local/hadoop-2.7.1/share/hadoop/hdfs/lib/commons-codec-1.4.jar:/usr/local/hadoop-2.7.1/share/hadoop/hdfs/lib/commons-cli-1.2.jar:/usr/local/hadoop-2.7.1/share/hadoop/hdfs/lib/jetty-util-6.1.26.jar:/usr/local/hadoop-2.7.1/share/hadoop/hdfs/lib/protobuf-java-2.5.0.jar:/usr/local/hadoop-2.7.1/share/hadoop/hdfs/lib/xercesImpl-2.9.1.jar:/usr/local/hadoop-2.7.1/share/hadoop/hdfs/lib/netty-3.6.2.Final.jar:/usr/local/hadoop-2.7.1/share/hadoop/hdfs/lib/guava-11.0.2.jar:/usr/local/hadoop-2.7.1/share/hadoop/hdfs/lib/jersey-core-1.9.jar:/usr/local/hadoop-2.7.1/share/hadoop/hdfs/lib/netty-all-4.0.23.Final.jar:/usr/local/hadoop-2.7.1/share/hadoop/hdfs/lib/asm-3.2.jar:/usr/local/hadoop-2.7.1/share/hadoop/hdfs/lib/commons-logging-1.1.3.jar:/usr/local/hadoop-2.7.1/share/hadoop/hdfs/lib/jsr305-3.0.0.jar:/usr/local/hadoop-2.7.1/share/hadoop/hdfs/lib/jetty-6.1.26.jar:/usr/local/hadoop-2.7.1/share/hadoop/hdfs/lib/commons-lang-2.6.jar:/usr/local/hadoop-2.7.1/share/hadoop/hdfs/lib/leveldbjni-all-1.8.jar:/usr/local/hadoop-2.7.1/share/hadoop/hdfs/lib/jackson-core-asl-1.9.13.jar:/usr/local/hadoop-2.7.1/share/hadoop/hdfs/lib/servlet-api-2.5.jar:/usr/local/hadoop-2.7.1/share/hadoop/hdfs/lib/xmlenc-0.52.jar:/usr/local/hadoop-2.7.1/share/hadoop/hdfs/hadoop-hdfs-2.7.1-tests.jar:/usr/local/hadoop-2.7.1/share/hadoop/hdfs/hadoop-hdfs-nfs-2.7.1.jar:/usr/local/hadoop-2.7.1/share/hadoop/hdfs/hadoop-hdfs-2.7.1.jar:/usr/local/hadoop-2.7.1/share/hadoop/yarn/lib/activation-1.1.jar:/usr/local/hadoop-2.7.1/share/hadoop/yarn/lib/jackson-jaxrs-1.9.13.jar:/usr/local/hadoop-2.7.1/share/hadoop/yarn/lib/jaxb-impl-2.2.3-1.jar:/usr/local/hadoop-2.7.1/share/hadoop/yarn/lib/commons-io-2.4.jar:/usr/local/hadoop-2.7.1/share/hadoop/yarn/lib/log4j-1.2.17.jar:/usr/local/hadoop-2.7.1/share/hadoop/yarn/lib/zookeeper-3.4.6.jar:/usr/local/hadoop-2.7.1/share/hadoop/yarn/lib/jettison-1.1.jar:/usr/local/hadoop-2.7.1/share/hadoop/yarn/lib/zookeeper-3.4.6-tests.jar:/usr/local/hadoop-2.7.1/share/hadoop/yarn/lib/jersey-server-1.9.jar:/usr/local/hadoop-2.7.1/share/hadoop/yarn/lib/jackson-mapper-asl-1.9.13.jar:/usr/local/hadoop-2.7.1/share/hadoop/yarn/lib/commons-codec-1.4.jar:/usr/local/hadoop-2.7.1/share/hadoop/yarn/lib/commons-cli-1.2.jar:/usr/local/hadoop-2.7.1/share/hadoop/yarn/lib/jetty-util-6.1.26.jar:/usr/local/hadoop-2.7.1/share/hadoop/yarn/lib/protobuf-java-2.5.0.jar:/usr/local/hadoop-2.7.1/share/hadoop/yarn/lib/jersey-client-1.9.jar:/usr/local/hadoop-2.7.1/share/hadoop/yarn/lib/aopalliance-1.0.jar:/usr/local/hadoop-2.7.1/share/hadoop/yarn/lib/netty-3.6.2.Final.jar:/usr/local/hadoop-2.7.1/share/hadoop/yarn/lib/guava-11.0.2.jar:/usr/local/hadoop-2.7.1/share/hadoop/yarn/lib/commons-compress-1.4.1.jar:/usr/local/hadoop-2.7.1/share/hadoop/yarn/lib/jersey-core-1.9.jar:/usr/local/hadoop-2.7.1/share/hadoop/yarn/lib/jersey-guice-1.9.jar:/usr/local/hadoop-2.7.1/share/hadoop/yarn/lib/guice-3.0.jar:/usr/local/hadoop-2.7.1/share/hadoop/yarn/lib/xz-1.0.jar:/usr/local/hadoop-2.7.1/share/hadoop/yarn/lib/stax-api-1.0-2.jar:/usr/local/hadoop-2.7.1/share/hadoop/yarn/lib/asm-3.2.jar:/usr/local/hadoop-2.7.1/share/hadoop/yarn/lib/jackson-xc-1.9.13.jar:/usr/local/hadoop-2.7.1/share/hadoop/yarn/lib/commons-logging-1.1.3.jar:/usr/local/hadoop-2.7.1/share/hadoop/yarn/lib/jersey-json-1.9.jar:/usr/local/hadoop-2.7.1/share/hadoop/yarn/lib/jsr305-3.0.0.jar:/usr/local/hadoop-2.7.1/share/hadoop/yarn/lib/guice-servlet-3.0.jar:/usr/local/hadoop-2.7.1/share/hadoop/yarn/lib/commons-collections-3.2.1.jar:/usr/local/hadoop-2.7.1/share/hadoop/yarn/lib/jetty-6.1.26.jar:/usr/local/hadoop-2.7.1/share/hadoop/yarn/lib/jaxb-api-2.2.2.jar:/usr/local/hadoop-2.7.1/share/hadoop/yarn/lib/commons-lang-2.6.jar:/usr/local/hadoop-2.7.1/share/hadoop/yarn/lib/leveldbjni-all-1.8.jar:/usr/local/hadoop-2.7.1/share/hadoop/yarn/lib/jackson-core-asl-1.9.13.jar:/usr/local/hadoop-2.7.1/share/hadoop/yarn/lib/servlet-api-2.5.jar:/usr/local/hadoop-2.7.1/share/hadoop/yarn/lib/javax.inject-1.jar:/usr/local/hadoop-2.7.1/share/hadoop/yarn/hadoop-yarn-server-common-2.7.1.jar:/usr/local/hadoop-2.7.1/share/hadoop/yarn/hadoop-yarn-server-applicationhistoryservice-2.7.1.jar:/usr/local/hadoop-2.7.1/share/hadoop/yarn/hadoop-yarn-common-2.7.1.jar:/usr/local/hadoop-2.7.1/share/hadoop/yarn/hadoop-yarn-api-2.7.1.jar:/usr/local/hadoop-2.7.1/share/hadoop/yarn/hadoop-yarn-applications-unmanaged-am-launcher-2.7.1.jar:/usr/local/hadoop-2.7.1/share/hadoop/yarn/hadoop-yarn-client-2.7.1.jar:/usr/local/hadoop-2.7.1/share/hadoop/yarn/hadoop-yarn-server-resourcemanager-2.7.1.jar:/usr/local/hadoop-2.7.1/share/hadoop/yarn/hadoop-yarn-registry-2.7.1.jar:/usr/local/hadoop-2.7.1/share/hadoop/yarn/hadoop-yarn-server-web-proxy-2.7.1.jar:/usr/local/hadoop-2.7.1/share/hadoop/yarn/hadoop-yarn-server-sharedcachemanager-2.7.1.jar:/usr/local/hadoop-2.7.1/share/hadoop/yarn/hadoop-yarn-server-tests-2.7.1.jar:/usr/local/hadoop-2.7.1/share/hadoop/yarn/hadoop-yarn-applications-distributedshell-2.7.1.jar:/usr/local/hadoop-2.7.1/share/hadoop/yarn/hadoop-yarn-server-nodemanager-2.7.1.jar:/usr/local/hadoop-2.7.1/share/hadoop/mapreduce/lib/commons-io-2.4.jar:/usr/local/hadoop-2.7.1/share/hadoop/mapreduce/lib/paranamer-2.3.jar:/usr/local/hadoop-2.7.1/share/hadoop/mapreduce/lib/log4j-1.2.17.jar:/usr/local/hadoop-2.7.1/share/hadoop/mapreduce/lib/jersey-server-1.9.jar:/usr/local/hadoop-2.7.1/share/hadoop/mapreduce/lib/jackson-mapper-asl-1.9.13.jar:/usr/local/hadoop-2.7.1/share/hadoop/mapreduce/lib/avro-1.7.4.jar:/usr/local/hadoop-2.7.1/share/hadoop/mapreduce/lib/protobuf-java-2.5.0.jar:/usr/local/hadoop-2.7.1/share/hadoop/mapreduce/lib/hadoop-annotations-2.7.1.jar:/usr/local/hadoop-2.7.1/share/hadoop/mapreduce/lib/aopalliance-1.0.jar:/usr/local/hadoop-2.7.1/share/hadoop/mapreduce/lib/netty-3.6.2.Final.jar:/usr/local/hadoop-2.7.1/share/hadoop/mapreduce/lib/commons-compress-1.4.1.jar:/usr/local/hadoop-2.7.1/share/hadoop/mapreduce/lib/jersey-core-1.9.jar:/usr/local/hadoop-2.7.1/share/hadoop/mapreduce/lib/jersey-guice-1.9.jar:/usr/local/hadoop-2.7.1/share/hadoop/mapreduce/lib/guice-3.0.jar:/usr/local/hadoop-2.7.1/share/hadoop/mapreduce/lib/xz-1.0.jar:/usr/local/hadoop-2.7.1/share/hadoop/mapreduce/lib/asm-3.2.jar:/usr/local/hadoop-2.7.1/share/hadoop/mapreduce/lib/guice-servlet-3.0.jar:/usr/local/hadoop-2.7.1/share/hadoop/mapreduce/lib/snappy-java-1.0.4.1.jar:/usr/local/hadoop-2.7.1/share/hadoop/mapreduce/lib/hamcrest-core-1.3.jar:/usr/local/hadoop-2.7.1/share/hadoop/mapreduce/lib/junit-4.11.jar:/usr/local/hadoop-2.7.1/share/hadoop/mapreduce/lib/leveldbjni-all-1.8.jar:/usr/local/hadoop-2.7.1/share/hadoop/mapreduce/lib/jackson-core-asl-1.9.13.jar:/usr/local/hadoop-2.7.1/share/hadoop/mapreduce/lib/javax.inject-1.jar:/usr/local/hadoop-2.7.1/share/hadoop/mapreduce/hadoop-mapreduce-client-core-2.7.1.jar:/usr/local/hadoop-2.7.1/share/hadoop/mapreduce/hadoop-mapreduce-client-hs-2.7.1.jar:/usr/local/hadoop-2.7.1/share/hadoop/mapreduce/hadoop-mapreduce-client-hs-plugins-2.7.1.jar:/usr/local/hadoop-2.7.1/share/hadoop/mapreduce/hadoop-mapreduce-client-common-2.7.1.jar:/usr/local/hadoop-2.7.1/share/hadoop/mapreduce/hadoop-mapreduce-client-app-2.7.1.jar:/usr/local/hadoop-2.7.1/share/hadoop/mapreduce/hadoop-mapreduce-client-jobclient-2.7.1.jar:/usr/local/hadoop-2.7.1/share/hadoop/mapreduce/hadoop-mapreduce-examples-2.7.1.jar:/usr/local/hadoop-2.7.1/share/hadoop/mapreduce/hadoop-mapreduce-client-jobclient-2.7.1-tests.jar:/usr/local/hadoop-2.7.1/share/hadoop/mapreduce/hadoop-mapreduce-client-shuffle-2.7.1.jar:/usr/local/hadoop-2.7.1/contrib/capacity-scheduler/*.jar:/usr/local/hadoop-2.7.1/contrib/capacity-scheduler/*.jar:/usr/local/hadoop-2.7.1/contrib/capacity-scheduler/*.jar:/usr/local/hadoop-2.7.1/share/hadoop/yarn/hadoop-yarn-server-common-2.7.1.jar:/usr/local/hadoop-2.7.1/share/hadoop/yarn/hadoop-yarn-server-applicationhistoryservice-2.7.1.jar:/usr/local/hadoop-2.7.1/share/hadoop/yarn/hadoop-yarn-common-2.7.1.jar:/usr/local/hadoop-2.7.1/share/hadoop/yarn/hadoop-yarn-api-2.7.1.jar:/usr/local/hadoop-2.7.1/share/hadoop/yarn/hadoop-yarn-applications-unmanaged-am-launcher-2.7.1.jar:/usr/local/hadoop-2.7.1/share/hadoop/yarn/hadoop-yarn-client-2.7.1.jar:/usr/local/hadoop-2.7.1/share/hadoop/yarn/hadoop-yarn-server-resourcemanager-2.7.1.jar:/usr/local/hadoop-2.7.1/share/hadoop/yarn/hadoop-yarn-registry-2.7.1.jar:/usr/local/hadoop-2.7.1/share/hadoop/yarn/hadoop-yarn-server-web-proxy-2.7.1.jar:/usr/local/hadoop-2.7.1/share/hadoop/yarn/hadoop-yarn-server-sharedcachemanager-2.7.1.jar:/usr/local/hadoop-2.7.1/share/hadoop/yarn/hadoop-yarn-server-tests-2.7.1.jar:/usr/local/hadoop-2.7.1/share/hadoop/yarn/hadoop-yarn-applications-distributedshell-2.7.1.jar:/usr/local/hadoop-2.7.1/share/hadoop/yarn/hadoop-yarn-server-nodemanager-2.7.1.jar:/usr/local/hadoop-2.7.1/share/hadoop/yarn/lib/activation-1.1.jar:/usr/local/hadoop-2.7.1/share/hadoop/yarn/lib/jackson-jaxrs-1.9.13.jar:/usr/local/hadoop-2.7.1/share/hadoop/yarn/lib/jaxb-impl-2.2.3-1.jar:/usr/local/hadoop-2.7.1/share/hadoop/yarn/lib/commons-io-2.4.jar:/usr/local/hadoop-2.7.1/share/hadoop/yarn/lib/log4j-1.2.17.jar:/usr/local/hadoop-2.7.1/share/hadoop/yarn/lib/zookeeper-3.4.6.jar:/usr/local/hadoop-2.7.1/share/hadoop/yarn/lib/jettison-1.1.jar:/usr/local/hadoop-2.7.1/share/hadoop/yarn/lib/zookeeper-3.4.6-tests.jar:/usr/local/hadoop-2.7.1/share/hadoop/yarn/lib/jersey-server-1.9.jar:/usr/local/hadoop-2.7.1/share/hadoop/yarn/lib/jackson-mapper-asl-1.9.13.jar:/usr/local/hadoop-2.7.1/share/hadoop/yarn/lib/commons-codec-1.4.jar:/usr/local/hadoop-2.7.1/share/hadoop/yarn/lib/commons-cli-1.2.jar:/usr/local/hadoop-2.7.1/share/hadoop/yarn/lib/jetty-util-6.1.26.jar:/usr/local/hadoop-2.7.1/share/hadoop/yarn/lib/protobuf-java-2.5.0.jar:/usr/local/hadoop-2.7.1/share/hadoop/yarn/lib/jersey-client-1.9.jar:/usr/local/hadoop-2.7.1/share/hadoop/yarn/lib/aopalliance-1.0.jar:/usr/local/hadoop-2.7.1/share/hadoop/yarn/lib/netty-3.6.2.Final.jar:/usr/local/hadoop-2.7.1/share/hadoop/yarn/lib/guava-11.0.2.jar:/usr/local/hadoop-2.7.1/share/hadoop/yarn/lib/commons-compress-1.4.1.jar:/usr/local/hadoop-2.7.1/share/hadoop/yarn/lib/jersey-core-1.9.jar:/usr/local/hadoop-2.7.1/share/hadoop/yarn/lib/jersey-guice-1.9.jar:/usr/local/hadoop-2.7.1/share/hadoop/yarn/lib/guice-3.0.jar:/usr/local/hadoop-2.7.1/share/hadoop/yarn/lib/xz-1.0.jar:/usr/local/hadoop-2.7.1/share/hadoop/yarn/lib/stax-api-1.0-2.jar:/usr/local/hadoop-2.7.1/share/hadoop/yarn/lib/asm-3.2.jar:/usr/local/hadoop-2.7.1/share/hadoop/yarn/lib/jackson-xc-1.9.13.jar:/usr/local/hadoop-2.7.1/share/hadoop/yarn/lib/commons-logging-1.1.3.jar:/usr/local/hadoop-2.7.1/share/hadoop/yarn/lib/jersey-json-1.9.jar:/usr/local/hadoop-2.7.1/share/hadoop/yarn/lib/jsr305-3.0.0.jar:/usr/local/hadoop-2.7.1/share/hadoop/yarn/lib/guice-servlet-3.0.jar:/usr/local/hadoop-2.7.1/share/hadoop/yarn/lib/commons-collections-3.2.1.jar:/usr/local/hadoop-2.7.1/share/hadoop/yarn/lib/jetty-6.1.26.jar:/usr/local/hadoop-2.7.1/share/hadoop/yarn/lib/jaxb-api-2.2.2.jar:/usr/local/hadoop-2.7.1/share/hadoop/yarn/lib/commons-lang-2.6.jar:/usr/local/hadoop-2.7.1/share/hadoop/yarn/lib/leveldbjni-all-1.8.jar:/usr/local/hadoop-2.7.1/share/hadoop/yarn/lib/jackson-core-asl-1.9.13.jar:/usr/local/hadoop-2.7.1/share/hadoop/yarn/lib/servlet-api-2.5.jar:/usr/local/hadoop-2.7.1/share/hadoop/yarn/lib/javax.inject-1.jar:/usr/local/hadoop-2.7.1/etc/hadoop/rm-config/log4j.properties
STARTUP_MSG:   build = https://git-wip-us.apache.org/repos/asf/hadoop.git -r 15ecc87ccf4a0228f35af08fc56de536e6ce657a; compiled by 'jenkins' on 2015-06-29T06:04Z
STARTUP_MSG:   java = 1.8.0_211
************************************************************/
2019-10-22 23:09:15,272 INFO org.apache.hadoop.yarn.server.resourcemanager.ResourceManager: registered UNIX signal handlers for [TERM, HUP, INT]
2019-10-22 23:09:15,842 INFO org.apache.hadoop.conf.Configuration: found resource core-site.xml at file:/usr/local/hadoop-2.7.1/etc/hadoop/core-site.xml
2019-10-22 23:09:16,000 INFO org.apache.hadoop.security.Groups: clearing userToGroupsMap cache
2019-10-22 23:09:16,126 INFO org.apache.hadoop.conf.Configuration: found resource yarn-site.xml at file:/usr/local/hadoop-2.7.1/etc/hadoop/yarn-site.xml
2019-10-22 23:09:16,548 INFO org.apache.hadoop.yarn.event.AsyncDispatcher: Registering class org.apache.hadoop.yarn.server.resourcemanager.RMFatalEventType for class org.apache.hadoop.yarn.server.resourcemanager.ResourceManager$RMFatalEventDispatcher
2019-10-22 23:09:17,072 INFO org.apache.hadoop.yarn.server.resourcemanager.security.NMTokenSecretManagerInRM: NMTokenKeyRollingInterval: 86400000ms and NMTokenKeyActivationDelay: 900000ms
2019-10-22 23:09:17,150 INFO org.apache.hadoop.yarn.server.resourcemanager.security.RMContainerTokenSecretManager: ContainerTokenKeyRollingInterval: 86400000ms and ContainerTokenKeyActivationDelay: 900000ms
2019-10-22 23:09:17,155 INFO org.apache.hadoop.yarn.server.resourcemanager.security.AMRMTokenSecretManager: AMRMTokenKeyRollingInterval: 86400000ms and AMRMTokenKeyActivationDelay: 900000 ms
2019-10-22 23:09:17,202 INFO org.apache.hadoop.yarn.event.AsyncDispatcher: Registering class org.apache.hadoop.yarn.server.resourcemanager.recovery.RMStateStoreEventType for class org.apache.hadoop.yarn.server.resourcemanager.recovery.RMStateStore$ForwardingEventHandler
2019-10-22 23:09:17,206 INFO org.apache.hadoop.yarn.event.AsyncDispatcher: Registering class org.apache.hadoop.yarn.server.resourcemanager.NodesListManagerEventType for class org.apache.hadoop.yarn.server.resourcemanager.NodesListManager
2019-10-22 23:09:17,206 INFO org.apache.hadoop.yarn.server.resourcemanager.ResourceManager: Using Scheduler: org.apache.hadoop.yarn.server.resourcemanager.scheduler.capacity.CapacityScheduler
2019-10-22 23:09:17,222 INFO org.apache.hadoop.yarn.event.AsyncDispatcher: Registering class org.apache.hadoop.yarn.server.resourcemanager.scheduler.event.SchedulerEventType for class org.apache.hadoop.yarn.server.resourcemanager.ResourceManager$SchedulerEventDispatcher
2019-10-22 23:09:17,223 INFO org.apache.hadoop.yarn.event.AsyncDispatcher: Registering class org.apache.hadoop.yarn.server.resourcemanager.rmapp.RMAppEventType for class org.apache.hadoop.yarn.server.resourcemanager.ResourceManager$ApplicationEventDispatcher
2019-10-22 23:09:17,224 INFO org.apache.hadoop.yarn.event.AsyncDispatcher: Registering class org.apache.hadoop.yarn.server.resourcemanager.rmapp.attempt.RMAppAttemptEventType for class org.apache.hadoop.yarn.server.resourcemanager.ResourceManager$ApplicationAttemptEventDispatcher
2019-10-22 23:09:17,226 INFO org.apache.hadoop.yarn.event.AsyncDispatcher: Registering class org.apache.hadoop.yarn.server.resourcemanager.rmnode.RMNodeEventType for class org.apache.hadoop.yarn.server.resourcemanager.ResourceManager$NodeEventDispatcher
2019-10-22 23:09:17,321 INFO org.apache.hadoop.metrics2.impl.MetricsConfig: loaded properties from hadoop-metrics2.properties
2019-10-22 23:09:17,409 INFO org.apache.hadoop.metrics2.impl.MetricsSystemImpl: Scheduled snapshot period at 10 second(s).
2019-10-22 23:09:17,409 INFO org.apache.hadoop.metrics2.impl.MetricsSystemImpl: ResourceManager metrics system started
2019-10-22 23:09:17,427 INFO org.apache.hadoop.yarn.event.AsyncDispatcher: Registering class org.apache.hadoop.yarn.server.resourcemanager.RMAppManagerEventType for class org.apache.hadoop.yarn.server.resourcemanager.RMAppManager
2019-10-22 23:09:17,433 INFO org.apache.hadoop.yarn.event.AsyncDispatcher: Registering class org.apache.hadoop.yarn.server.resourcemanager.amlauncher.AMLauncherEventType for class org.apache.hadoop.yarn.server.resourcemanager.amlauncher.ApplicationMasterLauncher
2019-10-22 23:09:17,435 INFO org.apache.hadoop.yarn.server.resourcemanager.RMNMInfo: Registered RMNMInfo MBean
2019-10-22 23:09:17,437 INFO org.apache.hadoop.yarn.security.YarnAuthorizationProvider: org.apache.hadoop.yarn.security.ConfiguredYarnAuthorizer is instiantiated.
2019-10-22 23:09:17,437 INFO org.apache.hadoop.yarn.server.resourcemanager.metrics.SystemMetricsPublisher: YARN system metrics publishing service is not enabled
2019-10-22 23:09:17,438 INFO org.apache.hadoop.util.HostsFileReader: Refreshing hosts (include/exclude) list
2019-10-22 23:09:17,555 INFO org.apache.hadoop.conf.Configuration: found resource capacity-scheduler.xml at file:/usr/local/hadoop-2.7.1/etc/hadoop/capacity-scheduler.xml
2019-10-22 23:09:17,646 INFO org.apache.hadoop.yarn.server.resourcemanager.scheduler.capacity.CapacitySchedulerConfiguration: max alloc mb per queue for root is undefined
2019-10-22 23:09:17,646 INFO org.apache.hadoop.yarn.server.resourcemanager.scheduler.capacity.CapacitySchedulerConfiguration: max alloc vcore per queue for root is undefined
2019-10-22 23:09:17,659 INFO org.apache.hadoop.yarn.server.resourcemanager.scheduler.capacity.ParentQueue: root, capacity=1.0, asboluteCapacity=1.0, maxCapacity=1.0, asboluteMaxCapacity=1.0, state=RUNNING, acls=SUBMIT_APP:*ADMINISTER_QUEUE:*, labels=*,
, reservationsContinueLooking=true
2019-10-22 23:09:17,659 INFO org.apache.hadoop.yarn.server.resourcemanager.scheduler.capacity.ParentQueue: Initialized parent-queue root name=root, fullname=root
2019-10-22 23:09:17,666 INFO org.apache.hadoop.yarn.server.resourcemanager.scheduler.capacity.CapacitySchedulerConfiguration: max alloc mb per queue for root.default is undefined
2019-10-22 23:09:17,666 INFO org.apache.hadoop.yarn.server.resourcemanager.scheduler.capacity.CapacitySchedulerConfiguration: max alloc vcore per queue for root.default is undefined
2019-10-22 23:09:17,669 INFO org.apache.hadoop.yarn.server.resourcemanager.scheduler.capacity.LeafQueue: Initializing default
capacity = 1.0 [= (float) configuredCapacity / 100 ]
asboluteCapacity = 1.0 [= parentAbsoluteCapacity * capacity ]
maxCapacity = 1.0 [= configuredMaxCapacity ]
absoluteMaxCapacity = 1.0 [= 1.0 maximumCapacity undefined, (parentAbsoluteMaxCapacity * maximumCapacity) / 100 otherwise ]
userLimit = 100 [= configuredUserLimit ]
userLimitFactor = 1.0 [= configuredUserLimitFactor ]
maxApplications = 10000 [= configuredMaximumSystemApplicationsPerQueue or (int)(configuredMaximumSystemApplications * absoluteCapacity)]
maxApplicationsPerUser = 10000 [= (int)(maxApplications * (userLimit / 100.0f) * userLimitFactor) ]
usedCapacity = 0.0 [= usedResourcesMemory / (clusterResourceMemory * absoluteCapacity)]
absoluteUsedCapacity = 0.0 [= usedResourcesMemory / clusterResourceMemory]
maxAMResourcePerQueuePercent = 0.1 [= configuredMaximumAMResourcePercent ]
minimumAllocationFactor = 0.875 [= (float)(maximumAllocationMemory - minimumAllocationMemory) / maximumAllocationMemory ]
maximumAllocation = <memory:8192, vCores:32> [= configuredMaxAllocation ]
numContainers = 0 [= currentNumContainers ]
state = RUNNING [= configuredState ]
acls = SUBMIT_APP:*ADMINISTER_QUEUE:* [= configuredAcls ]
nodeLocalityDelay = 40
labels=*,
nodeLocalityDelay = 40
reservationsContinueLooking = true
preemptionDisabled = true

2019-10-22 23:09:17,669 INFO org.apache.hadoop.yarn.server.resourcemanager.scheduler.capacity.CapacityScheduler: Initialized queue: default: capacity=1.0, absoluteCapacity=1.0, usedResources=<memory:0, vCores:0>, usedCapacity=0.0, absoluteUsedCapacity=0.0, numApps=0, numContainers=0
2019-10-22 23:09:17,670 INFO org.apache.hadoop.yarn.server.resourcemanager.scheduler.capacity.CapacityScheduler: Initialized queue: root: numChildQueue= 1, capacity=1.0, absoluteCapacity=1.0, usedResources=<memory:0, vCores:0>usedCapacity=0.0, numApps=0, numContainers=0
2019-10-22 23:09:17,670 INFO org.apache.hadoop.yarn.server.resourcemanager.scheduler.capacity.CapacityScheduler: Initialized root queue root: numChildQueue= 1, capacity=1.0, absoluteCapacity=1.0, usedResources=<memory:0, vCores:0>usedCapacity=0.0, numApps=0, numContainers=0
2019-10-22 23:09:17,670 INFO org.apache.hadoop.yarn.server.resourcemanager.scheduler.capacity.CapacityScheduler: Initialized queue mappings, override: false
2019-10-22 23:09:17,671 INFO org.apache.hadoop.yarn.server.resourcemanager.scheduler.capacity.CapacityScheduler: Initialized CapacityScheduler with calculator=class org.apache.hadoop.yarn.util.resource.DefaultResourceCalculator, minimumAllocation=<<memory:1024, vCores:1>>, maximumAllocation=<<memory:8192, vCores:32>>, asynchronousScheduling=false, asyncScheduleInterval=5ms
2019-10-22 23:09:17,695 INFO org.apache.hadoop.yarn.server.resourcemanager.ResourceManager: Transitioning to active state
2019-10-22 23:09:17,719 INFO org.apache.hadoop.yarn.server.resourcemanager.recovery.RMStateStore: Updating AMRMToken
2019-10-22 23:09:17,719 INFO org.apache.hadoop.yarn.server.resourcemanager.security.RMContainerTokenSecretManager: Rolling master-key for container-tokens
2019-10-22 23:09:17,719 INFO org.apache.hadoop.yarn.server.resourcemanager.security.NMTokenSecretManagerInRM: Rolling master-key for nm-tokens
2019-10-22 23:09:17,720 INFO org.apache.hadoop.security.token.delegation.AbstractDelegationTokenSecretManager: Updating the current master key for generating delegation tokens
2019-10-22 23:09:17,720 INFO org.apache.hadoop.yarn.server.resourcemanager.security.RMDelegationTokenSecretManager: storing master key with keyID 1
2019-10-22 23:09:17,720 INFO org.apache.hadoop.yarn.server.resourcemanager.recovery.RMStateStore: Storing RMDTMasterKey.
2019-10-22 23:09:17,736 INFO org.apache.hadoop.security.token.delegation.AbstractDelegationTokenSecretManager: Starting expired delegation token remover thread, tokenRemoverScanInterval=60 min(s)
2019-10-22 23:09:17,736 INFO org.apache.hadoop.security.token.delegation.AbstractDelegationTokenSecretManager: Updating the current master key for generating delegation tokens
2019-10-22 23:09:17,737 INFO org.apache.hadoop.yarn.server.resourcemanager.security.RMDelegationTokenSecretManager: storing master key with keyID 2
2019-10-22 23:09:17,737 INFO org.apache.hadoop.yarn.server.resourcemanager.recovery.RMStateStore: Storing RMDTMasterKey.
2019-10-22 23:09:17,753 INFO org.apache.hadoop.yarn.event.AsyncDispatcher: Registering class org.apache.hadoop.yarn.nodelabels.event.NodeLabelsStoreEventType for class org.apache.hadoop.yarn.nodelabels.CommonNodeLabelsManager$ForwardingEventHandler
2019-10-22 23:09:17,825 INFO org.apache.hadoop.ipc.CallQueueManager: Using callQueue class java.util.concurrent.LinkedBlockingQueue
2019-10-22 23:09:17,839 INFO org.apache.hadoop.ipc.Server: Starting Socket Reader #1 for port 8031
2019-10-22 23:09:17,860 INFO org.apache.hadoop.yarn.factories.impl.pb.RpcServerFactoryPBImpl: Adding protocol org.apache.hadoop.yarn.server.api.ResourceTrackerPB to the server
2019-10-22 23:09:17,872 INFO org.apache.hadoop.ipc.Server: IPC Server Responder: starting
2019-10-22 23:09:17,874 INFO org.apache.hadoop.ipc.Server: IPC Server listener on 8031: starting
2019-10-22 23:09:18,046 INFO org.apache.hadoop.ipc.CallQueueManager: Using callQueue class java.util.concurrent.LinkedBlockingQueue
2019-10-22 23:09:18,053 INFO org.apache.hadoop.ipc.Server: Starting Socket Reader #1 for port 8030
2019-10-22 23:09:18,060 INFO org.apache.hadoop.yarn.factories.impl.pb.RpcServerFactoryPBImpl: Adding protocol org.apache.hadoop.yarn.api.ApplicationMasterProtocolPB to the server
2019-10-22 23:09:18,064 INFO org.apache.hadoop.ipc.Server: IPC Server Responder: starting
2019-10-22 23:09:18,065 INFO org.apache.hadoop.ipc.Server: IPC Server listener on 8030: starting
2019-10-22 23:09:18,282 INFO org.apache.hadoop.ipc.CallQueueManager: Using callQueue class java.util.concurrent.LinkedBlockingQueue
2019-10-22 23:09:18,294 INFO org.apache.hadoop.ipc.Server: Starting Socket Reader #1 for port 8032
2019-10-22 23:09:18,295 INFO org.apache.hadoop.yarn.factories.impl.pb.RpcServerFactoryPBImpl: Adding protocol org.apache.hadoop.yarn.api.ApplicationClientProtocolPB to the server
2019-10-22 23:09:18,311 INFO org.apache.hadoop.ipc.Server: IPC Server Responder: starting
2019-10-22 23:09:18,313 INFO org.apache.hadoop.ipc.Server: IPC Server listener on 8032: starting
2019-10-22 23:09:18,519 INFO org.apache.hadoop.yarn.server.resourcemanager.ResourceManager: Transitioned to active state
2019-10-22 23:09:18,635 INFO org.mortbay.log: Logging to org.slf4j.impl.Log4jLoggerAdapter(org.mortbay.log) via org.mortbay.log.Slf4jLog
2019-10-22 23:09:18,645 INFO org.apache.hadoop.security.authentication.server.AuthenticationFilter: Unable to initialize FileSignerSecretProvider, falling back to use random secrets.
2019-10-22 23:09:18,650 INFO org.apache.hadoop.http.HttpRequestLog: Http request log for http.requests.resourcemanager is not defined
2019-10-22 23:09:18,657 INFO org.apache.hadoop.http.HttpServer2: Added global filter 'safety' (class=org.apache.hadoop.http.HttpServer2$QuotingInputFilter)
2019-10-22 23:09:18,666 INFO org.apache.hadoop.http.HttpServer2: Added filter RMAuthenticationFilter (class=org.apache.hadoop.yarn.server.security.http.RMAuthenticationFilter) to context cluster
2019-10-22 23:09:18,666 INFO org.apache.hadoop.http.HttpServer2: Added filter RMAuthenticationFilter (class=org.apache.hadoop.yarn.server.security.http.RMAuthenticationFilter) to context static
2019-10-22 23:09:18,666 INFO org.apache.hadoop.http.HttpServer2: Added filter RMAuthenticationFilter (class=org.apache.hadoop.yarn.server.security.http.RMAuthenticationFilter) to context logs
2019-10-22 23:09:18,667 INFO org.apache.hadoop.http.HttpServer2: Added filter static_user_filter (class=org.apache.hadoop.http.lib.StaticUserWebFilter$StaticUserFilter) to context cluster
2019-10-22 23:09:18,667 INFO org.apache.hadoop.http.HttpServer2: Added filter static_user_filter (class=org.apache.hadoop.http.lib.StaticUserWebFilter$StaticUserFilter) to context static
2019-10-22 23:09:18,667 INFO org.apache.hadoop.http.HttpServer2: Added filter static_user_filter (class=org.apache.hadoop.http.lib.StaticUserWebFilter$StaticUserFilter) to context logs
2019-10-22 23:09:18,670 INFO org.apache.hadoop.http.HttpServer2: adding path spec: /cluster/*
2019-10-22 23:09:18,670 INFO org.apache.hadoop.http.HttpServer2: adding path spec: /ws/*
2019-10-22 23:09:18,681 INFO org.apache.hadoop.http.HttpServer2: Jetty bound to port 8088
2019-10-22 23:09:18,681 INFO org.mortbay.log: jetty-6.1.26
2019-10-22 23:09:18,722 INFO org.mortbay.log: Extract jar:file:/usr/local/hadoop-2.7.1/share/hadoop/yarn/hadoop-yarn-common-2.7.1.jar!/webapps/cluster to /tmp/Jetty_0_0_0_0_8088_cluster____u0rgz3/webapp
2019-10-22 23:09:19,051 INFO org.apache.hadoop.security.token.delegation.AbstractDelegationTokenSecretManager: Updating the current master key for generating delegation tokens
2019-10-22 23:09:19,061 INFO org.mortbay.log: Started HttpServer2$SelectChannelConnectorWithSafeStartup@0.0.0.0:8088
2019-10-22 23:09:19,061 INFO org.apache.hadoop.yarn.webapp.WebApps: Web app /cluster started at 8088
2019-10-22 23:09:19,073 INFO org.apache.hadoop.security.token.delegation.AbstractDelegationTokenSecretManager: Starting expired delegation token remover thread, tokenRemoverScanInterval=60 min(s)
2019-10-22 23:09:19,085 INFO org.apache.hadoop.security.token.delegation.AbstractDelegationTokenSecretManager: Updating the current master key for generating delegation tokens
2019-10-22 23:09:19,747 INFO org.apache.hadoop.yarn.webapp.WebApps: Registered webapp guice modules
2019-10-22 23:09:19,837 INFO org.apache.hadoop.ipc.CallQueueManager: Using callQueue class java.util.concurrent.LinkedBlockingQueue
2019-10-22 23:09:19,838 INFO org.apache.hadoop.ipc.Server: Starting Socket Reader #1 for port 8033
2019-10-22 23:09:19,839 INFO org.apache.hadoop.yarn.factories.impl.pb.RpcServerFactoryPBImpl: Adding protocol org.apache.hadoop.yarn.server.api.ResourceManagerAdministrationProtocolPB to the server
2019-10-22 23:09:19,848 INFO org.apache.hadoop.ipc.Server: IPC Server Responder: starting
2019-10-22 23:09:19,848 INFO org.apache.hadoop.ipc.Server: IPC Server listener on 8033: starting
2019-10-22 23:09:36,941 INFO org.apache.hadoop.yarn.util.RackResolver: Resolved hdp-01 to /default-rack
2019-10-22 23:09:36,952 INFO org.apache.hadoop.yarn.server.resourcemanager.ResourceTrackerService: NodeManager from node hdp-01(cmPort: 43827 httpPort: 8042) registered with capability: <memory:8192, vCores:8>, assigned nodeId hdp-01:43827
2019-10-22 23:09:36,977 INFO org.apache.hadoop.yarn.server.resourcemanager.rmnode.RMNodeImpl: hdp-01:43827 Node Transitioned from NEW to RUNNING
2019-10-22 23:09:36,992 INFO org.apache.hadoop.yarn.server.resourcemanager.scheduler.capacity.CapacityScheduler: Added node hdp-01:43827 clusterResource: <memory:8192, vCores:8>
2019-10-22 23:19:17,557 INFO org.apache.hadoop.yarn.server.resourcemanager.scheduler.AbstractYarnScheduler: Release request cache is cleaned up
2019-10-23 23:09:17,720 INFO org.apache.hadoop.yarn.server.resourcemanager.security.AMRMTokenSecretManager: Rolling master-key for amrm-tokens
2019-10-23 23:09:17,721 INFO org.apache.hadoop.yarn.server.resourcemanager.recovery.RMStateStore: Updating AMRMToken
2019-10-23 23:09:17,722 INFO org.apache.hadoop.yarn.server.resourcemanager.security.RMContainerTokenSecretManager: Rolling master-key for container-tokens
2019-10-23 23:09:17,722 INFO org.apache.hadoop.yarn.server.resourcemanager.security.RMContainerTokenSecretManager: Going to activate master-key with key-id 1354140198 in 900000ms
2019-10-23 23:09:17,723 INFO org.apache.hadoop.yarn.server.resourcemanager.security.NMTokenSecretManagerInRM: Rolling master-key for nm-tokens
2019-10-23 23:09:17,723 INFO org.apache.hadoop.yarn.server.resourcemanager.security.NMTokenSecretManagerInRM: Going to activate master-key with key-id -2001444323 in 900000ms
2019-10-23 23:09:19,335 INFO org.apache.hadoop.security.token.delegation.AbstractDelegationTokenSecretManager: Updating the current master key for generating delegation tokens
2019-10-23 23:09:19,335 INFO org.apache.hadoop.yarn.server.resourcemanager.security.RMDelegationTokenSecretManager: storing master key with keyID 3
2019-10-23 23:09:19,336 INFO org.apache.hadoop.yarn.server.resourcemanager.recovery.RMStateStore: Storing RMDTMasterKey.
2019-10-23 23:09:20,300 INFO org.apache.hadoop.security.token.delegation.AbstractDelegationTokenSecretManager: Updating the current master key for generating delegation tokens
2019-10-23 23:24:17,723 INFO org.apache.hadoop.yarn.server.resourcemanager.security.AMRMTokenSecretManager: Activating next master key with id: 288243195
2019-10-23 23:24:17,723 INFO org.apache.hadoop.yarn.server.resourcemanager.recovery.RMStateStore: Updating AMRMToken
2019-10-23 23:24:17,723 INFO org.apache.hadoop.yarn.server.resourcemanager.security.RMContainerTokenSecretManager: Activating next master key with id: 1354140198
2019-10-23 23:24:17,724 INFO org.apache.hadoop.yarn.server.resourcemanager.security.NMTokenSecretManagerInRM: Activating next master key with id: -2001444323
2019-10-24 23:09:17,720 INFO org.apache.hadoop.yarn.server.resourcemanager.security.AMRMTokenSecretManager: Rolling master-key for amrm-tokens
2019-10-24 23:09:17,721 INFO org.apache.hadoop.yarn.server.resourcemanager.recovery.RMStateStore: Updating AMRMToken
2019-10-24 23:09:17,721 INFO org.apache.hadoop.yarn.server.resourcemanager.security.RMContainerTokenSecretManager: Rolling master-key for container-tokens
2019-10-24 23:09:17,722 INFO org.apache.hadoop.yarn.server.resourcemanager.security.RMContainerTokenSecretManager: Going to activate master-key with key-id 1354140199 in 900000ms
2019-10-24 23:09:17,722 INFO org.apache.hadoop.yarn.server.resourcemanager.security.NMTokenSecretManagerInRM: Rolling master-key for nm-tokens
2019-10-24 23:09:17,722 INFO org.apache.hadoop.yarn.server.resourcemanager.security.NMTokenSecretManagerInRM: Going to activate master-key with key-id -2001444322 in 900000ms
2019-10-24 23:09:20,206 INFO org.apache.hadoop.security.token.delegation.AbstractDelegationTokenSecretManager: Updating the current master key for generating delegation tokens
2019-10-24 23:09:20,207 INFO org.apache.hadoop.yarn.server.resourcemanager.security.RMDelegationTokenSecretManager: storing master key with keyID 4
2019-10-24 23:09:20,207 INFO org.apache.hadoop.yarn.server.resourcemanager.recovery.RMStateStore: Storing RMDTMasterKey.
2019-10-24 23:09:21,568 INFO org.apache.hadoop.security.token.delegation.AbstractDelegationTokenSecretManager: Updating the current master key for generating delegation tokens
2019-10-24 23:24:17,722 INFO org.apache.hadoop.yarn.server.resourcemanager.security.AMRMTokenSecretManager: Activating next master key with id: 288243196
2019-10-24 23:24:17,723 INFO org.apache.hadoop.yarn.server.resourcemanager.recovery.RMStateStore: Updating AMRMToken
2019-10-24 23:24:17,723 INFO org.apache.hadoop.yarn.server.resourcemanager.security.RMContainerTokenSecretManager: Activating next master key with id: 1354140199
2019-10-24 23:24:17,723 INFO org.apache.hadoop.yarn.server.resourcemanager.security.NMTokenSecretManagerInRM: Activating next master key with id: -2001444322
